2021-03-23 22:51:25.234687: I tensorflow/stream_executor/platform/default/dso_loader.cc:44] Successfully opened dynamic library libcudart.so.10.2
2021-03-23 22:51:25.716197: I tensorflow/stream_executor/platform/default/dso_loader.cc:44] Successfully opened dynamic library libnvinfer.so.7
2021-03-23 22:51:25.717612: I tensorflow/stream_executor/platform/default/dso_loader.cc:44] Successfully opened dynamic library libnvinfer_plugin.so.7
2021-03-23 22:51:26.276147: E bazel-out/k8-py2-opt/bin/tensorflow/python/pywrap_tensorflow_internal.cc:5187] (GetBFCAllocatorStats) No GPU device registered. Skipping getting stats

2021-03-23 22:51:26.276186: E bazel-out/k8-py2-opt/bin/tensorflow/python/pywrap_tensorflow_internal.cc:5388] (getPeakBytesActive) - Could not retrieve BFC Allocator Stats
2021-03-23 22:51:26.277409: I tensorflow/stream_executor/platform/default/dso_loader.cc:44] Successfully opened dynamic library libcuda.so.1
2021-03-23 22:51:26.280432: I tensorflow/stream_executor/cuda/cuda_gpu_executor.cc:981] successful NUMA node read from SysFS had negative value (-1), but there must be at least one NUMA node, so returning NUMA node zero
2021-03-23 22:51:26.281098: I tensorflow/core/common_runtime/gpu/gpu_device.cc:1558] Found device 0 with properties: 
pciBusID: 0000:06:00.0 name: TITAN Xp COLLECTORS EDITION computeCapability: 6.1
coreClock: 1.582GHz coreCount: 30 deviceMemorySize: 11.91GiB deviceMemoryBandwidth: 510.07GiB/s
2021-03-23 22:51:26.281121: I tensorflow/stream_executor/platform/default/dso_loader.cc:44] Successfully opened dynamic library libcudart.so.10.2
2021-03-23 22:51:26.281152: I tensorflow/stream_executor/platform/default/dso_loader.cc:44] Successfully opened dynamic library libcublas.so.10
2021-03-23 22:51:26.282520: I tensorflow/stream_executor/platform/default/dso_loader.cc:44] Successfully opened dynamic library libcufft.so.10
2021-03-23 22:51:26.282756: I tensorflow/stream_executor/platform/default/dso_loader.cc:44] Successfully opened dynamic library libcurand.so.10
2021-03-23 22:51:26.284040: I tensorflow/stream_executor/platform/default/dso_loader.cc:44] Successfully opened dynamic library libcusolver.so.10
2021-03-23 22:51:26.284692: I tensorflow/stream_executor/platform/default/dso_loader.cc:44] Successfully opened dynamic library libcusparse.so.10
2021-03-23 22:51:26.284723: I tensorflow/stream_executor/platform/default/dso_loader.cc:44] Successfully opened dynamic library libcudnn.so.7
2021-03-23 22:51:26.284846: I tensorflow/stream_executor/cuda/cuda_gpu_executor.cc:981] successful NUMA node read from SysFS had negative value (-1), but there must be at least one NUMA node, so returning NUMA node zero
2021-03-23 22:51:26.285461: I tensorflow/stream_executor/cuda/cuda_gpu_executor.cc:981] successful NUMA node read from SysFS had negative value (-1), but there must be at least one NUMA node, so returning NUMA node zero
2021-03-23 22:51:26.285985: I tensorflow/core/common_runtime/gpu/gpu_device.cc:1700] Adding visible gpu devices: 0
2021-03-23 22:51:26.286275: I tensorflow/core/platform/cpu_feature_guard.cc:142] Your CPU supports instructions that this TensorFlow binary was not compiled to use: SSE4.1 SSE4.2 AVX AVX2 FMA
2021-03-23 22:51:26.291576: I tensorflow/core/platform/profile_utils/cpu_utils.cc:101] CPU Frequency: 3500335000 Hz
2021-03-23 22:51:26.291808: I tensorflow/compiler/xla/service/service.cc:168] XLA service 0x55947f3bbe70 initialized for platform Host (this does not guarantee that XLA will be used). Devices:
2021-03-23 22:51:26.291822: I tensorflow/compiler/xla/service/service.cc:176]   StreamExecutor device (0): Host, Default Version
2021-03-23 22:51:26.291943: I tensorflow/stream_executor/cuda/cuda_gpu_executor.cc:981] successful NUMA node read from SysFS had negative value (-1), but there must be at least one NUMA node, so returning NUMA node zero
2021-03-23 22:51:26.292457: I tensorflow/core/common_runtime/gpu/gpu_device.cc:1558] Found device 0 with properties: 
pciBusID: 0000:06:00.0 name: TITAN Xp COLLECTORS EDITION computeCapability: 6.1
coreClock: 1.582GHz coreCount: 30 deviceMemorySize: 11.91GiB deviceMemoryBandwidth: 510.07GiB/s
2021-03-23 22:51:26.292486: I tensorflow/stream_executor/platform/default/dso_loader.cc:44] Successfully opened dynamic library libcudart.so.10.2
2021-03-23 22:51:26.292501: I tensorflow/stream_executor/platform/default/dso_loader.cc:44] Successfully opened dynamic library libcublas.so.10
2021-03-23 22:51:26.292517: I tensorflow/stream_executor/platform/default/dso_loader.cc:44] Successfully opened dynamic library libcufft.so.10
2021-03-23 22:51:26.292530: I tensorflow/stream_executor/platform/default/dso_loader.cc:44] Successfully opened dynamic library libcurand.so.10
2021-03-23 22:51:26.292542: I tensorflow/stream_executor/platform/default/dso_loader.cc:44] Successfully opened dynamic library libcusolver.so.10
2021-03-23 22:51:26.292553: I tensorflow/stream_executor/platform/default/dso_loader.cc:44] Successfully opened dynamic library libcusparse.so.10
2021-03-23 22:51:26.292567: I tensorflow/stream_executor/platform/default/dso_loader.cc:44] Successfully opened dynamic library libcudnn.so.7
2021-03-23 22:51:26.292610: I tensorflow/stream_executor/cuda/cuda_gpu_executor.cc:981] successful NUMA node read from SysFS had negative value (-1), but there must be at least one NUMA node, so returning NUMA node zero
2021-03-23 22:51:26.293141: I tensorflow/stream_executor/cuda/cuda_gpu_executor.cc:981] successful NUMA node read from SysFS had negative value (-1), but there must be at least one NUMA node, so returning NUMA node zero
2021-03-23 22:51:26.293628: I tensorflow/core/common_runtime/gpu/gpu_device.cc:1700] Adding visible gpu devices: 0
2021-03-23 22:51:26.293655: I tensorflow/stream_executor/platform/default/dso_loader.cc:44] Successfully opened dynamic library libcudart.so.10.2
2021-03-23 22:51:26.804214: I tensorflow/core/common_runtime/gpu/gpu_device.cc:1099] Device interconnect StreamExecutor with strength 1 edge matrix:
2021-03-23 22:51:26.804245: I tensorflow/core/common_runtime/gpu/gpu_device.cc:1105]      0 
2021-03-23 22:51:26.804250: I tensorflow/core/common_runtime/gpu/gpu_device.cc:1118] 0:   N 
2021-03-23 22:51:26.804416: I tensorflow/stream_executor/cuda/cuda_gpu_executor.cc:981] successful NUMA node read from SysFS had negative value (-1), but there must be at least one NUMA node, so returning NUMA node zero
2021-03-23 22:51:26.804966: I tensorflow/stream_executor/cuda/cuda_gpu_executor.cc:981] successful NUMA node read from SysFS had negative value (-1), but there must be at least one NUMA node, so returning NUMA node zero
2021-03-23 22:51:26.805481: I tensorflow/stream_executor/cuda/cuda_gpu_executor.cc:981] successful NUMA node read from SysFS had negative value (-1), but there must be at least one NUMA node, so returning NUMA node zero
2021-03-23 22:51:26.806118: I tensorflow/core/common_runtime/gpu/gpu_device.cc:1244] Created TensorFlow device (/job:localhost/replica:0/task:0/device:GPU:0 with 11281 MB memory) -> physical GPU (device: 0, name: TITAN Xp COLLECTORS EDITION, pci bus id: 0000:06:00.0, compute capability: 6.1)
2021-03-23 22:51:26.807430: I tensorflow/compiler/xla/service/service.cc:168] XLA service 0x5594983e63c0 initialized for platform CUDA (this does not guarantee that XLA will be used). Devices:
2021-03-23 22:51:26.807442: I tensorflow/compiler/xla/service/service.cc:176]   StreamExecutor device (0): TITAN Xp COLLECTORS EDITION, Compute Capability 6.1
22:51:26.276199
==> iteration 0
peak active bytes(MB): 2384.187255859375
bytes in use(MB): 45.034423828125
==> iteration 1
peak active bytes(MB): 2384.187957763672
bytes in use(MB): 47.971435546875
==> iteration 2
peak active bytes(MB): 2387.124969482422
bytes in use(MB): 45.034423828125
==> iteration 3
peak active bytes(MB): 2387.124969482422
bytes in use(MB): 47.9521484375
==> iteration 4
peak active bytes(MB): 2387.124969482422
bytes in use(MB): 45.0537109375
==> iteration 5
peak active bytes(MB): 2387.124969482422
bytes in use(MB): 47.932861328125
==> iteration 6
peak active bytes(MB): 2387.124969482422
bytes in use(MB): 45.072998046875
==> iteration 7
peak active bytes(MB): 2387.124969482422
bytes in use(MB): 47.91357421875
==> iteration 8
peak active bytes(MB): 2387.124969482422
bytes in use(MB): 45.09228515625
==> iteration 9
peak active bytes(MB): 2387.124969482422
bytes in use(MB): 46.082275390625
==> iteration 10
peak active bytes(MB): 2387.124969482422
bytes in use(MB): 45.111572265625
==> iteration 11
peak active bytes(MB): 2387.124969482422
bytes in use(MB): 47.970458984375
==> iteration 12
peak active bytes(MB): 2387.124969482422
bytes in use(MB): 51.71044921875
==> iteration 13
peak active bytes(MB): 2390.863983154297
bytes in use(MB): 60.445068359375
==> iteration 14
peak active bytes(MB): 2399.598602294922
bytes in use(MB): 67.083740234375
==> iteration 15
peak active bytes(MB): 2406.237274169922
bytes in use(MB): 53.6552734375
==> iteration 16
peak active bytes(MB): 2406.237274169922
bytes in use(MB): 60.427001953125
==> iteration 17
peak active bytes(MB): 2406.237274169922
bytes in use(MB): 68.989990234375
==> iteration 18
peak active bytes(MB): 2408.143524169922
bytes in use(MB): 53.67578125
==> iteration 19
peak active bytes(MB): 2408.143524169922
bytes in use(MB): 63.34375
==> iteration 20
peak active bytes(MB): 2408.143524169922
bytes in use(MB): 69.049072265625
==> iteration 21
peak active bytes(MB): 2408.202606201172
bytes in use(MB): 53.69287109375
==> iteration 22
peak active bytes(MB): 2408.202606201172
bytes in use(MB): 60.388427734375
==> iteration 23
peak active bytes(MB): 2408.202606201172
bytes in use(MB): 69.028564453125
==> iteration 24
peak active bytes(MB): 2408.202606201172
bytes in use(MB): 53.63720703125
==> iteration 25
peak active bytes(MB): 2408.202606201172
bytes in use(MB): 60.42578125
==> iteration 26
peak active bytes(MB): 2408.202606201172
bytes in use(MB): 69.010498046875
==> iteration 27
peak active bytes(MB): 2408.202606201172
bytes in use(MB): 53.635986328125
==> iteration 28
peak active bytes(MB): 2408.202606201172
bytes in use(MB): 60.4462890625
==> iteration 29
peak active bytes(MB): 2408.202606201172
bytes in use(MB): 69.066162109375
==> iteration 30
peak active bytes(MB): 2408.219696044922
bytes in use(MB): 45.20703125
==> iteration 31
peak active bytes(MB): 2408.219696044922
bytes in use(MB): 45.109375
==> iteration 32
peak active bytes(MB): 2408.219696044922
bytes in use(MB): 69.0673828125
==> iteration 33
peak active bytes(MB): 2408.220916748047
bytes in use(MB): 45.091064453125
==> iteration 34
peak active bytes(MB): 2408.220916748047
bytes in use(MB): 45.0537109375
==> iteration 35
peak active bytes(MB): 2408.220916748047
bytes in use(MB): 45.07177734375
==> iteration 36
peak active bytes(MB): 2408.220916748047
bytes in use(MB): 64.146484375
==> iteration 37
peak active bytes(MB): 2408.220916748047
bytes in use(MB): 45.052490234375
==> iteration 38
peak active bytes(MB): 2408.220916748047
bytes in use(MB): 45.09228515625
==> iteration 39
peak active bytes(MB): 2408.220916748047
bytes in use(MB): 45.128662109375
==> iteration 40
peak active bytes(MB): 2408.220916748047
bytes in use(MB): 64.18505859375
==> iteration 41
peak active bytes(MB): 2408.220916748047
bytes in use(MB): 47.970458984375
==> iteration 42
peak active bytes(MB): 2408.220916748047
bytes in use(MB): 45.034423828125
==> iteration 43
peak active bytes(MB): 2408.220916748047
bytes in use(MB): 48.047607421875
==> iteration 44
peak active bytes(MB): 2408.220916748047
bytes in use(MB): 49.917724609375
==> iteration 45
peak active bytes(MB): 2408.220916748047
bytes in use(MB): 45.07177734375
==> iteration 46
peak active bytes(MB): 2408.220916748047
bytes in use(MB): 49.93701171875
==> iteration 47
peak active bytes(MB): 2408.220916748047
bytes in use(MB): 49.91650390625
==> iteration 48
peak active bytes(MB): 2408.220916748047
bytes in use(MB): 45.09228515625
==> iteration 49
peak active bytes(MB): 2408.220916748047
bytes in use(MB): 49.99267578125
==> iteration 50
peak active bytes(MB): 2408.220916748047
bytes in use(MB): 45.20703125
==> iteration 51
peak active bytes(MB): 2408.220916748047
bytes in use(MB): 49.8779296875
==> iteration 52
peak active bytes(MB): 2408.220916748047
bytes in use(MB): 53.808837890625
==> iteration 53
peak active bytes(MB): 2408.220916748047
bytes in use(MB): 45.091064453125
==> iteration 54
peak active bytes(MB): 2408.220916748047
bytes in use(MB): 52.87451171875
==> iteration 55
peak active bytes(MB): 2408.220916748047
bytes in use(MB): 45.07177734375
==> iteration 56
peak active bytes(MB): 2408.220916748047
bytes in use(MB): 45.072998046875
==> iteration 57
peak active bytes(MB): 2408.220916748047
bytes in use(MB): 45.052490234375
==> iteration 58
peak active bytes(MB): 2408.220916748047
bytes in use(MB): 66.0732421875
==> iteration 59
peak active bytes(MB): 2408.220916748047
bytes in use(MB): 47.98974609375
==> iteration 60
peak active bytes(MB): 2408.220916748047
bytes in use(MB): 45.111572265625
==> iteration 61
peak active bytes(MB): 2408.220916748047
bytes in use(MB): 48.06591796875
==> iteration 62
peak active bytes(MB): 2408.220916748047
bytes in use(MB): 45.1298828125
==> iteration 63
peak active bytes(MB): 2408.220916748047
bytes in use(MB): 48.047607421875
==> iteration 64
peak active bytes(MB): 2408.220916748047
bytes in use(MB): 51.8251953125
==> iteration 65
peak active bytes(MB): 2408.220916748047
bytes in use(MB): 45.07177734375
==> iteration 66
peak active bytes(MB): 2408.220916748047
bytes in use(MB): 50.890869140625
==> iteration 67
peak active bytes(MB): 2408.220916748047
bytes in use(MB): 45.052490234375
==> iteration 68
peak active bytes(MB): 2408.220916748047
bytes in use(MB): 45.09228515625
==> iteration 69
peak active bytes(MB): 2408.220916748047
bytes in use(MB): 45.128662109375
==> iteration 70
peak active bytes(MB): 2408.220916748047
bytes in use(MB): 66.092529296875
==> iteration 71
peak active bytes(MB): 2408.220916748047
bytes in use(MB): 47.970458984375
==> iteration 72
peak active bytes(MB): 2408.220916748047
bytes in use(MB): 45.034423828125
==> iteration 73
peak active bytes(MB): 2408.220916748047
bytes in use(MB): 48.047607421875
==> iteration 74
peak active bytes(MB): 2408.220916748047
bytes in use(MB): 48.01025390625
==> iteration 75
peak active bytes(MB): 2408.220916748047
bytes in use(MB): 45.07177734375
==> iteration 76
peak active bytes(MB): 2408.220916748047
bytes in use(MB): 48.029541015625
==> iteration 77
peak active bytes(MB): 2408.220916748047
bytes in use(MB): 48.009033203125
==> iteration 78
peak active bytes(MB): 2408.220916748047
bytes in use(MB): 45.09228515625
==> iteration 79
peak active bytes(MB): 2408.220916748047
bytes in use(MB): 48.085205078125
==> iteration 80
peak active bytes(MB): 2408.220916748047
bytes in use(MB): 45.20703125
==> iteration 81
peak active bytes(MB): 2408.220916748047
bytes in use(MB): 47.970458984375
==> iteration 82
peak active bytes(MB): 2408.220916748047
bytes in use(MB): 51.9013671875
==> iteration 83
peak active bytes(MB): 2408.220916748047
bytes in use(MB): 45.091064453125
==> iteration 84
peak active bytes(MB): 2408.220916748047
bytes in use(MB): 50.967041015625
==> iteration 85
peak active bytes(MB): 2408.220916748047
bytes in use(MB): 45.07177734375
==> iteration 86
peak active bytes(MB): 2408.220916748047
bytes in use(MB): 45.072998046875
==> iteration 87
peak active bytes(MB): 2408.220916748047
bytes in use(MB): 45.052490234375
==> iteration 88
peak active bytes(MB): 2408.220916748047
bytes in use(MB): 66.0732421875
==> iteration 89
peak active bytes(MB): 2408.220916748047
bytes in use(MB): 47.98974609375
==> iteration 90
peak active bytes(MB): 2408.220916748047
bytes in use(MB): 45.111572265625
==> iteration 91
peak active bytes(MB): 2408.220916748047
bytes in use(MB): 48.06591796875
==> iteration 92
peak active bytes(MB): 2408.220916748047
bytes in use(MB): 45.1298828125
==> iteration 93
peak active bytes(MB): 2408.220916748047
bytes in use(MB): 48.047607421875
==> iteration 94
peak active bytes(MB): 2408.220916748047
bytes in use(MB): 51.8251953125
==> iteration 95
peak active bytes(MB): 2408.220916748047
bytes in use(MB): 45.07177734375
==> iteration 96
peak active bytes(MB): 2408.220916748047
bytes in use(MB): 50.890869140625
==> iteration 97
peak active bytes(MB): 2408.220916748047
bytes in use(MB): 45.052490234375
==> iteration 98
peak active bytes(MB): 2408.220916748047
bytes in use(MB): 45.09228515625
==> iteration 99
peak active bytes(MB): 2408.220916748047
bytes in use(MB): 45.128662109375
==> iteration 100
peak active bytes(MB): 2408.220916748047
bytes in use(MB): 66.092529296875
==> iteration 101
peak active bytes(MB): 2408.220916748047
bytes in use(MB): 47.970458984375
==> iteration 102
peak active bytes(MB): 2408.220916748047
bytes in use(MB): 45.034423828125
==> iteration 103
peak active bytes(MB): 2408.220916748047
bytes in use(MB): 48.047607421875
==> iteration 104
peak active bytes(MB): 2408.220916748047
bytes in use(MB): 48.01025390625
==> iteration 105
peak active bytes(MB): 2408.220916748047
bytes in use(MB): 45.07177734375
==> iteration 106
peak active bytes(MB): 2408.220916748047
bytes in use(MB): 48.029541015625
==> iteration 107
peak active bytes(MB): 2408.220916748047
bytes in use(MB): 48.009033203125
==> iteration 108
peak active bytes(MB): 2408.220916748047
bytes in use(MB): 45.09228515625
==> iteration 109
peak active bytes(MB): 2408.220916748047
bytes in use(MB): 48.085205078125
==> iteration 110
peak active bytes(MB): 2408.220916748047
bytes in use(MB): 45.20703125
==> iteration 111
peak active bytes(MB): 2408.220916748047
bytes in use(MB): 47.970458984375
==> iteration 112
peak active bytes(MB): 2408.220916748047
bytes in use(MB): 51.9013671875
==> iteration 113
peak active bytes(MB): 2408.220916748047
bytes in use(MB): 45.091064453125
==> iteration 114
peak active bytes(MB): 2408.220916748047
bytes in use(MB): 50.967041015625
==> iteration 115
peak active bytes(MB): 2408.220916748047
bytes in use(MB): 45.07177734375
==> iteration 116
peak active bytes(MB): 2408.220916748047
bytes in use(MB): 45.072998046875
==> iteration 117
peak active bytes(MB): 2408.220916748047
bytes in use(MB): 45.052490234375
==> iteration 118
peak active bytes(MB): 2408.220916748047
bytes in use(MB): 66.0732421875
==> iteration 119
peak active bytes(MB): 2408.220916748047
bytes in use(MB): 47.98974609375
==> iteration 120
peak active bytes(MB): 2408.220916748047
bytes in use(MB): 45.111572265625
==> iteration 121
peak active bytes(MB): 2408.220916748047
bytes in use(MB): 48.06591796875
==> iteration 122
peak active bytes(MB): 2408.220916748047
bytes in use(MB): 45.1298828125
==> iteration 123
peak active bytes(MB): 2408.220916748047
bytes in use(MB): 48.047607421875
==> iteration 124
peak active bytes(MB): 2408.220916748047
bytes in use(MB): 51.8251953125
==> iteration 125
peak active bytes(MB): 2408.220916748047
bytes in use(MB): 45.07177734375
==> iteration 126
peak active bytes(MB): 2408.220916748047
bytes in use(MB): 50.890869140625
==> iteration 127
peak active bytes(MB): 2408.220916748047
bytes in use(MB): 45.052490234375
==> iteration 128
peak active bytes(MB): 2408.220916748047
bytes in use(MB): 45.09228515625
==> iteration 129
peak active bytes(MB): 2408.220916748047
bytes in use(MB): 45.128662109375
==> iteration 130
peak active bytes(MB): 2408.220916748047
bytes in use(MB): 66.092529296875
==> iteration 131
peak active bytes(MB): 2408.220916748047
bytes in use(MB): 47.970458984375
==> iteration 132
peak active bytes(MB): 2408.220916748047
bytes in use(MB): 45.034423828125
==> iteration 133
peak active bytes(MB): 2408.220916748047
bytes in use(MB): 48.047607421875
==> iteration 134
peak active bytes(MB): 2408.220916748047
bytes in use(MB): 48.01025390625
==> iteration 135
peak active bytes(MB): 2408.220916748047
bytes in use(MB): 45.07177734375
==> iteration 136
peak active bytes(MB): 2408.220916748047
bytes in use(MB): 48.029541015625
==> iteration 137
peak active bytes(MB): 2408.220916748047
bytes in use(MB): 48.009033203125
==> iteration 138
peak active bytes(MB): 2408.220916748047
bytes in use(MB): 45.09228515625
==> iteration 139
peak active bytes(MB): 2408.220916748047
bytes in use(MB): 48.085205078125
==> iteration 140
peak active bytes(MB): 2408.220916748047
bytes in use(MB): 45.20703125
==> iteration 141
peak active bytes(MB): 2408.220916748047
bytes in use(MB): 47.970458984375
==> iteration 142
peak active bytes(MB): 2408.220916748047
bytes in use(MB): 51.9013671875
==> iteration 143
peak active bytes(MB): 2408.220916748047
bytes in use(MB): 45.091064453125
==> iteration 144
peak active bytes(MB): 2408.220916748047
bytes in use(MB): 50.967041015625
==> iteration 145
peak active bytes(MB): 2408.220916748047
bytes in use(MB): 45.07177734375
==> iteration 146
peak active bytes(MB): 2408.220916748047
bytes in use(MB): 45.072998046875
==> iteration 147
peak active bytes(MB): 2408.220916748047
bytes in use(MB): 45.052490234375
==> iteration 148
peak active bytes(MB): 2408.220916748047
bytes in use(MB): 66.0732421875
==> iteration 149
peak active bytes(MB): 2408.220916748047
bytes in use(MB): 47.98974609375
==> iteration 150
peak active bytes(MB): 2408.220916748047
bytes in use(MB): 45.111572265625
==> iteration 151
peak active bytes(MB): 2408.220916748047
bytes in use(MB): 48.06591796875
==> iteration 152
peak active bytes(MB): 2408.220916748047
bytes in use(MB): 45.1298828125
==> iteration 153
peak active bytes(MB): 2408.220916748047
bytes in use(MB): 48.047607421875
==> iteration 154
peak active bytes(MB): 2408.220916748047
bytes in use(MB): 51.8251953125
==> iteration 155
peak active bytes(MB): 2408.220916748047
bytes in use(MB): 45.07177734375
==> iteration 156
peak active bytes(MB): 2408.220916748047
bytes in use(MB): 50.890869140625
==> iteration 157
peak active bytes(MB): 2408.220916748047
bytes in use(MB): 45.052490234375
==> iteration 158
peak active bytes(MB): 2408.220916748047
bytes in use(MB): 45.09228515625
==> iteration 159
peak active bytes(MB): 2408.220916748047
bytes in use(MB): 45.128662109375
==> iteration 160
peak active bytes(MB): 2408.220916748047
bytes in use(MB): 66.092529296875
==> iteration 161
peak active bytes(MB): 2408.220916748047
bytes in use(MB): 47.970458984375
==> iteration 162
peak active bytes(MB): 2408.220916748047
bytes in use(MB): 45.034423828125
==> iteration 163
peak active bytes(MB): 2408.220916748047
bytes in use(MB): 48.047607421875
==> iteration 164
peak active bytes(MB): 2408.220916748047
bytes in use(MB): 48.01025390625
==> iteration 165
peak active bytes(MB): 2408.220916748047
bytes in use(MB): 45.07177734375
==> iteration 166
peak active bytes(MB): 2408.220916748047
bytes in use(MB): 48.029541015625
==> iteration 167
peak active bytes(MB): 2408.220916748047
bytes in use(MB): 48.009033203125
==> iteration 168
peak active bytes(MB): 2408.220916748047
bytes in use(MB): 45.09228515625
==> iteration 169
peak active bytes(MB): 2408.220916748047
bytes in use(MB): 48.085205078125
==> iteration 170
peak active bytes(MB): 2408.220916748047
bytes in use(MB): 45.20703125
==> iteration 171
peak active bytes(MB): 2408.220916748047
bytes in use(MB): 47.970458984375
==> iteration 172
peak active bytes(MB): 2408.220916748047
bytes in use(MB): 51.9013671875
==> iteration 173
peak active bytes(MB): 2408.220916748047
bytes in use(MB): 45.091064453125
==> iteration 174
peak active bytes(MB): 2408.220916748047
bytes in use(MB): 50.967041015625
==> iteration 175
peak active bytes(MB): 2408.220916748047
bytes in use(MB): 45.07177734375
==> iteration 176
peak active bytes(MB): 2408.220916748047
bytes in use(MB): 45.072998046875
==> iteration 177
peak active bytes(MB): 2408.220916748047
bytes in use(MB): 45.052490234375
==> iteration 178
peak active bytes(MB): 2408.220916748047
bytes in use(MB): 66.0732421875
==> iteration 179
peak active bytes(MB): 2408.220916748047
bytes in use(MB): 47.98974609375
==> iteration 180
peak active bytes(MB): 2408.220916748047
bytes in use(MB): 45.111572265625
==> iteration 181
peak active bytes(MB): 2408.220916748047
bytes in use(MB): 48.06591796875
==> iteration 182
peak active bytes(MB): 2408.220916748047
bytes in use(MB): 45.1298828125
==> iteration 183
peak active bytes(MB): 2408.220916748047
bytes in use(MB): 48.047607421875
==> iteration 184
peak active bytes(MB): 2408.220916748047
bytes in use(MB): 51.8251953125
==> iteration 185
peak active bytes(MB): 2408.220916748047
bytes in use(MB): 45.07177734375
==> iteration 186
peak active bytes(MB): 2408.220916748047
bytes in use(MB): 50.890869140625
==> iteration 187
peak active bytes(MB): 2408.220916748047
bytes in use(MB): 45.052490234375
==> iteration 188
peak active bytes(MB): 2408.220916748047
bytes in use(MB): 45.09228515625
==> iteration 189
peak active bytes(MB): 2408.220916748047
bytes in use(MB): 45.128662109375
==> iteration 190
peak active bytes(MB): 2408.220916748047
bytes in use(MB): 66.092529296875
==> iteration 191
peak active bytes(MB): 2408.220916748047
bytes in use(MB): 47.970458984375
==> iteration 192
peak active bytes(MB): 2408.220916748047
bytes in use(MB): 45.034423828125
==> iteration 193
peak active bytes(MB): 2408.220916748047
bytes in use(MB): 48.047607421875
==> iteration 194
peak active bytes(MB): 2408.220916748047
bytes in use(MB): 48.01025390625
==> iteration 195
peak active bytes(MB): 2408.220916748047
bytes in use(MB): 45.07177734375
==> iteration 196
peak active bytes(MB): 2408.220916748047
bytes in use(MB): 48.029541015625
==> iteration 197
peak active bytes(MB): 2408.220916748047
bytes in use(MB): 48.009033203125
==> iteration 198
peak active bytes(MB): 2408.220916748047
bytes in use(MB): 45.09228515625
==> iteration 199
peak active bytes(MB): 2408.220916748047
bytes in use(MB): 48.085205078125
==> iteration 200
peak active bytes(MB): 2408.220916748047
bytes in use(MB): 45.20703125
==> iteration 201
peak active bytes(MB): 2408.220916748047
bytes in use(MB): 47.970458984375
==> iteration 202
peak active bytes(MB): 2408.220916748047
bytes in use(MB): 51.9013671875
==> iteration 203
peak active bytes(MB): 2408.220916748047
bytes in use(MB): 45.091064453125
==> iteration 204
peak active bytes(MB): 2408.220916748047
bytes in use(MB): 50.967041015625
==> iteration 205
peak active bytes(MB): 2408.220916748047
bytes in use(MB): 45.07177734375
==> iteration 206
peak active bytes(MB): 2408.220916748047
bytes in use(MB): 45.072998046875
==> iteration 207
peak active bytes(MB): 2408.220916748047
bytes in use(MB): 45.052490234375
==> iteration 208
peak active bytes(MB): 2408.220916748047
bytes in use(MB): 66.0732421875
==> iteration 209
peak active bytes(MB): 2408.220916748047
bytes in use(MB): 47.98974609375
==> iteration 210
peak active bytes(MB): 2408.220916748047
bytes in use(MB): 45.111572265625
==> iteration 211
peak active bytes(MB): 2408.220916748047
bytes in use(MB): 48.06591796875
==> iteration 212
peak active bytes(MB): 2408.220916748047
bytes in use(MB): 45.1298828125
==> iteration 213
peak active bytes(MB): 2408.220916748047
bytes in use(MB): 48.047607421875
==> iteration 214
peak active bytes(MB): 2408.220916748047
bytes in use(MB): 51.8251953125
==> iteration 215
peak active bytes(MB): 2408.220916748047
bytes in use(MB): 45.07177734375
==> iteration 216
peak active bytes(MB): 2408.220916748047
bytes in use(MB): 50.890869140625
==> iteration 217
peak active bytes(MB): 2408.220916748047
bytes in use(MB): 45.052490234375
==> iteration 218
peak active bytes(MB): 2408.220916748047
bytes in use(MB): 45.09228515625
==> iteration 219
peak active bytes(MB): 2408.220916748047
bytes in use(MB): 45.128662109375
==> iteration 220
peak active bytes(MB): 2408.220916748047
bytes in use(MB): 66.092529296875
==> iteration 221
peak active bytes(MB): 2408.220916748047
bytes in use(MB): 47.970458984375
==> iteration 222
peak active bytes(MB): 2408.220916748047
bytes in use(MB): 45.034423828125
==> iteration 223
peak active bytes(MB): 2408.220916748047
bytes in use(MB): 48.047607421875
==> iteration 224
peak active bytes(MB): 2408.220916748047
bytes in use(MB): 48.01025390625
==> iteration 225
peak active bytes(MB): 2408.220916748047
bytes in use(MB): 45.07177734375
==> iteration 226
peak active bytes(MB): 2408.220916748047
bytes in use(MB): 48.029541015625
==> iteration 227
peak active bytes(MB): 2408.220916748047
bytes in use(MB): 48.009033203125
==> iteration 228
peak active bytes(MB): 2408.220916748047
bytes in use(MB): 45.09228515625
==> iteration 229
peak active bytes(MB): 2408.220916748047
bytes in use(MB): 48.085205078125
==> iteration 230
peak active bytes(MB): 2408.220916748047
bytes in use(MB): 45.20703125
==> iteration 231
peak active bytes(MB): 2408.220916748047
bytes in use(MB): 47.970458984375
==> iteration 232
peak active bytes(MB): 2408.220916748047
bytes in use(MB): 51.9013671875
==> iteration 233
peak active bytes(MB): 2408.220916748047
bytes in use(MB): 45.091064453125
==> iteration 234
peak active bytes(MB): 2408.220916748047
bytes in use(MB): 50.967041015625
==> iteration 235
peak active bytes(MB): 2408.220916748047
bytes in use(MB): 45.07177734375
==> iteration 236
peak active bytes(MB): 2408.220916748047
bytes in use(MB): 45.072998046875
==> iteration 237
peak active bytes(MB): 2408.220916748047
bytes in use(MB): 45.052490234375
==> iteration 238
peak active bytes(MB): 2408.220916748047
bytes in use(MB): 66.0732421875
==> iteration 239
peak active bytes(MB): 2408.220916748047
bytes in use(MB): 47.98974609375
==> iteration 240
peak active bytes(MB): 2408.220916748047
bytes in use(MB): 45.111572265625
==> iteration 241
peak active bytes(MB): 2408.220916748047
bytes in use(MB): 48.06591796875
==> iteration 242
peak active bytes(MB): 2408.220916748047
bytes in use(MB): 45.1298828125
==> iteration 243
peak active bytes(MB): 2408.220916748047
bytes in use(MB): 48.047607421875
==> iteration 244
peak active bytes(MB): 2408.220916748047
bytes in use(MB): 51.8251953125
==> iteration 245
peak active bytes(MB): 2408.220916748047
bytes in use(MB): 45.07177734375
==> iteration 246
peak active bytes(MB): 2408.220916748047
bytes in use(MB): 50.890869140625
==> iteration 247
peak active bytes(MB): 2408.220916748047
bytes in use(MB): 45.052490234375
==> iteration 248
peak active bytes(MB): 2408.220916748047
bytes in use(MB): 45.09228515625
==> iteration 249
peak active bytes(MB): 2408.220916748047
bytes in use(MB): 45.128662109375
==> iteration 250
peak active bytes(MB): 2408.220916748047
bytes in use(MB): 66.092529296875
==> iteration 251
peak active bytes(MB): 2408.220916748047
bytes in use(MB): 47.970458984375
==> iteration 252
peak active bytes(MB): 2408.220916748047
bytes in use(MB): 45.034423828125
==> iteration 253
peak active bytes(MB): 2408.220916748047
bytes in use(MB): 48.047607421875
==> iteration 254
peak active bytes(MB): 2408.220916748047
bytes in use(MB): 48.01025390625
==> iteration 255
peak active bytes(MB): 2408.220916748047
bytes in use(MB): 45.07177734375
==> iteration 256
peak active bytes(MB): 2408.220916748047
bytes in use(MB): 48.029541015625
==> iteration 257
peak active bytes(MB): 2408.220916748047
bytes in use(MB): 48.009033203125
==> iteration 258
peak active bytes(MB): 2408.220916748047
bytes in use(MB): 45.09228515625
==> iteration 259
peak active bytes(MB): 2408.220916748047
bytes in use(MB): 48.085205078125
==> iteration 260
peak active bytes(MB): 2408.220916748047
bytes in use(MB): 45.20703125
==> iteration 261
peak active bytes(MB): 2408.220916748047
bytes in use(MB): 47.970458984375
==> iteration 262
peak active bytes(MB): 2408.220916748047
bytes in use(MB): 51.9013671875
==> iteration 263
peak active bytes(MB): 2408.220916748047
bytes in use(MB): 45.091064453125
==> iteration 264
peak active bytes(MB): 2408.220916748047
bytes in use(MB): 50.967041015625
==> iteration 265
peak active bytes(MB): 2408.220916748047
bytes in use(MB): 45.07177734375
==> iteration 266
peak active bytes(MB): 2408.220916748047
bytes in use(MB): 45.072998046875
==> iteration 267
peak active bytes(MB): 2408.220916748047
bytes in use(MB): 45.052490234375
==> iteration 268
peak active bytes(MB): 2408.220916748047
bytes in use(MB): 66.0732421875
==> iteration 269
peak active bytes(MB): 2408.220916748047
bytes in use(MB): 47.98974609375
==> iteration 270
peak active bytes(MB): 2408.220916748047
bytes in use(MB): 45.111572265625
==> iteration 271
peak active bytes(MB): 2408.220916748047
bytes in use(MB): 48.06591796875
==> iteration 272
peak active bytes(MB): 2408.220916748047
bytes in use(MB): 45.1298828125
==> iteration 273
peak active bytes(MB): 2408.220916748047
bytes in use(MB): 48.047607421875
==> iteration 274
peak active bytes(MB): 2408.220916748047
bytes in use(MB): 51.8251953125
==> iteration 275
peak active bytes(MB): 2408.220916748047
bytes in use(MB): 45.07177734375
==> iteration 276
peak active bytes(MB): 2408.220916748047
bytes in use(MB): 50.890869140625
==> iteration 277
peak active bytes(MB): 2408.220916748047
bytes in use(MB): 45.052490234375
==> iteration 278
peak active bytes(MB): 2408.220916748047
bytes in use(MB): 45.09228515625
==> iteration 279
peak active bytes(MB): 2408.220916748047
bytes in use(MB): 45.128662109375
==> iteration 280
peak active bytes(MB): 2408.220916748047
bytes in use(MB): 66.092529296875
==> iteration 281
peak active bytes(MB): 2408.220916748047
bytes in use(MB): 47.970458984375
==> iteration 282
peak active bytes(MB): 2408.220916748047
bytes in use(MB): 45.034423828125
==> iteration 283
peak active bytes(MB): 2408.220916748047
bytes in use(MB): 48.047607421875
==> iteration 284
peak active bytes(MB): 2408.220916748047
bytes in use(MB): 48.01025390625
==> iteration 285
peak active bytes(MB): 2408.220916748047
bytes in use(MB): 45.07177734375
==> iteration 286
peak active bytes(MB): 2408.220916748047
bytes in use(MB): 48.029541015625
==> iteration 287
peak active bytes(MB): 2408.220916748047
bytes in use(MB): 48.009033203125
==> iteration 288
peak active bytes(MB): 2408.220916748047
bytes in use(MB): 45.09228515625
==> iteration 289
peak active bytes(MB): 2408.220916748047
bytes in use(MB): 48.085205078125
==> iteration 290
peak active bytes(MB): 2408.220916748047
bytes in use(MB): 45.20703125
==> iteration 291
peak active bytes(MB): 2408.220916748047
bytes in use(MB): 47.970458984375
==> iteration 292
peak active bytes(MB): 2408.220916748047
bytes in use(MB): 51.9013671875
==> iteration 293
peak active bytes(MB): 2408.220916748047
bytes in use(MB): 45.091064453125
==> iteration 294
peak active bytes(MB): 2408.220916748047
bytes in use(MB): 50.967041015625
==> iteration 295
peak active bytes(MB): 2408.220916748047
bytes in use(MB): 45.07177734375
==> iteration 296
peak active bytes(MB): 2408.220916748047
bytes in use(MB): 45.072998046875
==> iteration 297
peak active bytes(MB): 2408.220916748047
bytes in use(MB): 45.052490234375
==> iteration 298
peak active bytes(MB): 2408.220916748047
bytes in use(MB): 66.0732421875
==> iteration 299
peak active bytes(MB): 2408.220916748047
bytes in use(MB): 47.98974609375
==> iteration 300
peak active bytes(MB): 2408.220916748047
bytes in use(MB): 45.111572265625
==> iteration 301
peak active bytes(MB): 2408.220916748047
bytes in use(MB): 48.06591796875
==> iteration 302
peak active bytes(MB): 2408.220916748047
bytes in use(MB): 45.1298828125
==> iteration 303
peak active bytes(MB): 2408.220916748047
bytes in use(MB): 48.047607421875
==> iteration 304
peak active bytes(MB): 2408.220916748047
bytes in use(MB): 51.8251953125
==> iteration 305
peak active bytes(MB): 2408.220916748047
bytes in use(MB): 45.07177734375
==> iteration 306
peak active bytes(MB): 2408.220916748047
bytes in use(MB): 50.890869140625
==> iteration 307
peak active bytes(MB): 2408.220916748047
bytes in use(MB): 45.052490234375
==> iteration 308
peak active bytes(MB): 2408.220916748047
bytes in use(MB): 45.09228515625
==> iteration 309
peak active bytes(MB): 2408.220916748047
bytes in use(MB): 45.128662109375
==> iteration 310
peak active bytes(MB): 2408.220916748047
bytes in use(MB): 66.092529296875
==> iteration 311
peak active bytes(MB): 2408.220916748047
bytes in use(MB): 47.970458984375
==> iteration 312
peak active bytes(MB): 2408.220916748047
bytes in use(MB): 45.034423828125
==> iteration 313
peak active bytes(MB): 2408.220916748047
bytes in use(MB): 48.047607421875
==> iteration 314
peak active bytes(MB): 2408.220916748047
bytes in use(MB): 48.01025390625
==> iteration 315
peak active bytes(MB): 2408.220916748047
bytes in use(MB): 45.07177734375
==> iteration 316
peak active bytes(MB): 2408.220916748047
bytes in use(MB): 48.029541015625
==> iteration 317
peak active bytes(MB): 2408.220916748047
bytes in use(MB): 48.009033203125
==> iteration 318
peak active bytes(MB): 2408.220916748047
bytes in use(MB): 45.09228515625
==> iteration 319
peak active bytes(MB): 2408.220916748047
bytes in use(MB): 48.085205078125
==> iteration 320
peak active bytes(MB): 2408.220916748047
bytes in use(MB): 45.20703125
==> iteration 321
peak active bytes(MB): 2408.220916748047
bytes in use(MB): 47.970458984375
==> iteration 322
peak active bytes(MB): 2408.220916748047
bytes in use(MB): 51.9013671875
==> iteration 323
peak active bytes(MB): 2408.220916748047
bytes in use(MB): 45.091064453125
==> iteration 324
peak active bytes(MB): 2408.220916748047
bytes in use(MB): 50.967041015625
==> iteration 325
peak active bytes(MB): 2408.220916748047
bytes in use(MB): 45.07177734375
==> iteration 326
peak active bytes(MB): 2408.220916748047
bytes in use(MB): 45.072998046875
==> iteration 327
peak active bytes(MB): 2408.220916748047
bytes in use(MB): 45.052490234375
==> iteration 328
peak active bytes(MB): 2408.220916748047
bytes in use(MB): 66.0732421875
==> iteration 329
peak active bytes(MB): 2408.220916748047
bytes in use(MB): 47.98974609375
==> iteration 330
peak active bytes(MB): 2408.220916748047
bytes in use(MB): 45.111572265625
==> iteration 331
peak active bytes(MB): 2408.220916748047
bytes in use(MB): 48.06591796875
==> iteration 332
peak active bytes(MB): 2408.220916748047
bytes in use(MB): 45.1298828125
==> iteration 333
peak active bytes(MB): 2408.220916748047
bytes in use(MB): 48.047607421875
==> iteration 334
peak active bytes(MB): 2408.220916748047
bytes in use(MB): 51.8251953125
==> iteration 335
peak active bytes(MB): 2408.220916748047
bytes in use(MB): 45.07177734375
==> iteration 336
peak active bytes(MB): 2408.220916748047
bytes in use(MB): 50.890869140625
==> iteration 337
peak active bytes(MB): 2408.220916748047
bytes in use(MB): 45.052490234375
==> iteration 338
peak active bytes(MB): 2408.220916748047
bytes in use(MB): 45.09228515625
==> iteration 339
peak active bytes(MB): 2408.220916748047
bytes in use(MB): 45.128662109375
==> iteration 340
peak active bytes(MB): 2408.220916748047
bytes in use(MB): 66.092529296875
==> iteration 341
peak active bytes(MB): 2408.220916748047
bytes in use(MB): 47.970458984375
==> iteration 342
peak active bytes(MB): 2408.220916748047
bytes in use(MB): 45.034423828125
==> iteration 343
peak active bytes(MB): 2408.220916748047
bytes in use(MB): 48.047607421875
==> iteration 344
peak active bytes(MB): 2408.220916748047
bytes in use(MB): 48.01025390625
==> iteration 345
peak active bytes(MB): 2408.220916748047
bytes in use(MB): 45.07177734375
==> iteration 346
peak active bytes(MB): 2408.220916748047
bytes in use(MB): 48.029541015625
==> iteration 347
peak active bytes(MB): 2408.220916748047
bytes in use(MB): 48.009033203125
==> iteration 348
peak active bytes(MB): 2408.220916748047
bytes in use(MB): 45.09228515625
==> iteration 349
peak active bytes(MB): 2408.220916748047
bytes in use(MB): 48.085205078125
==> iteration 350
peak active bytes(MB): 2408.220916748047
bytes in use(MB): 45.20703125
==> iteration 351
peak active bytes(MB): 2408.220916748047
bytes in use(MB): 47.970458984375
==> iteration 352
peak active bytes(MB): 2408.220916748047
bytes in use(MB): 51.9013671875
==> iteration 353
peak active bytes(MB): 2408.220916748047
bytes in use(MB): 45.091064453125
==> iteration 354
peak active bytes(MB): 2408.220916748047
bytes in use(MB): 50.967041015625
==> iteration 355
peak active bytes(MB): 2408.220916748047
bytes in use(MB): 45.07177734375
==> iteration 356
peak active bytes(MB): 2408.220916748047
bytes in use(MB): 45.072998046875
==> iteration 357
peak active bytes(MB): 2408.220916748047
bytes in use(MB): 45.052490234375
==> iteration 358
peak active bytes(MB): 2408.220916748047
bytes in use(MB): 66.0732421875
==> iteration 359
peak active bytes(MB): 2408.220916748047
bytes in use(MB): 47.98974609375
==> iteration 360
peak active bytes(MB): 2408.220916748047
bytes in use(MB): 45.111572265625
==> iteration 361
peak active bytes(MB): 2408.220916748047
bytes in use(MB): 48.06591796875
==> iteration 362
peak active bytes(MB): 2408.220916748047
bytes in use(MB): 45.1298828125
==> iteration 363
peak active bytes(MB): 2408.220916748047
bytes in use(MB): 48.047607421875
==> iteration 364
peak active bytes(MB): 2408.220916748047
bytes in use(MB): 51.8251953125
==> iteration 365
peak active bytes(MB): 2408.220916748047
bytes in use(MB): 45.07177734375
==> iteration 366
peak active bytes(MB): 2408.220916748047
bytes in use(MB): 50.890869140625
==> iteration 367
peak active bytes(MB): 2408.220916748047
bytes in use(MB): 45.052490234375
==> iteration 368
peak active bytes(MB): 2408.220916748047
bytes in use(MB): 45.09228515625
==> iteration 369
peak active bytes(MB): 2408.220916748047
bytes in use(MB): 45.128662109375
==> iteration 370
peak active bytes(MB): 2408.220916748047
bytes in use(MB): 66.092529296875
==> iteration 371
peak active bytes(MB): 2408.220916748047
bytes in use(MB): 47.970458984375
==> iteration 372
peak active bytes(MB): 2408.220916748047
bytes in use(MB): 45.034423828125
==> iteration 373
peak active bytes(MB): 2408.220916748047
bytes in use(MB): 48.047607421875
==> iteration 374
peak active bytes(MB): 2408.220916748047
bytes in use(MB): 48.01025390625
==> iteration 375
peak active bytes(MB): 2408.220916748047
bytes in use(MB): 45.07177734375
==> iteration 376
peak active bytes(MB): 2408.220916748047
bytes in use(MB): 48.029541015625
==> iteration 377
peak active bytes(MB): 2408.220916748047
bytes in use(MB): 48.009033203125
==> iteration 378
peak active bytes(MB): 2408.220916748047
bytes in use(MB): 45.09228515625
==> iteration 379
peak active bytes(MB): 2408.220916748047
bytes in use(MB): 48.085205078125
==> iteration 380
peak active bytes(MB): 2408.220916748047
bytes in use(MB): 45.20703125
==> iteration 381
peak active bytes(MB): 2408.220916748047
bytes in use(MB): 47.970458984375
==> iteration 382
peak active bytes(MB): 2408.220916748047
bytes in use(MB): 51.9013671875
==> iteration 383
peak active bytes(MB): 2408.220916748047
bytes in use(MB): 45.091064453125
==> iteration 384
peak active bytes(MB): 2408.220916748047
bytes in use(MB): 50.967041015625
==> iteration 385
peak active bytes(MB): 2408.220916748047
bytes in use(MB): 45.07177734375
==> iteration 386
peak active bytes(MB): 2408.220916748047
bytes in use(MB): 45.072998046875
==> iteration 387
peak active bytes(MB): 2408.220916748047
bytes in use(MB): 45.052490234375
==> iteration 388
peak active bytes(MB): 2408.220916748047
bytes in use(MB): 66.0732421875
==> iteration 389
peak active bytes(MB): 2408.220916748047
bytes in use(MB): 47.98974609375
==> iteration 390
peak active bytes(MB): 2408.220916748047
bytes in use(MB): 45.111572265625
==> iteration 391
peak active bytes(MB): 2408.220916748047
bytes in use(MB): 48.06591796875
==> iteration 392
peak active bytes(MB): 2408.220916748047
bytes in use(MB): 45.1298828125
==> iteration 393
peak active bytes(MB): 2408.220916748047
bytes in use(MB): 48.047607421875
==> iteration 394
peak active bytes(MB): 2408.220916748047
bytes in use(MB): 51.8251953125
==> iteration 395
peak active bytes(MB): 2408.220916748047
bytes in use(MB): 45.07177734375
==> iteration 396
peak active bytes(MB): 2408.220916748047
bytes in use(MB): 50.890869140625
==> iteration 397
peak active bytes(MB): 2408.220916748047
bytes in use(MB): 45.052490234375
==> iteration 398
peak active bytes(MB): 2408.220916748047
bytes in use(MB): 45.09228515625
==> iteration 399
peak active bytes(MB): 2408.220916748047
bytes in use(MB): 45.128662109375
==> iteration 400
peak active bytes(MB): 2408.220916748047
bytes in use(MB): 66.092529296875
==> iteration 401
peak active bytes(MB): 2408.220916748047
bytes in use(MB): 47.970458984375
==> iteration 402
peak active bytes(MB): 2408.220916748047
bytes in use(MB): 45.034423828125
==> iteration 403
peak active bytes(MB): 2408.220916748047
bytes in use(MB): 48.047607421875
==> iteration 404
peak active bytes(MB): 2408.220916748047
bytes in use(MB): 48.01025390625
==> iteration 405
peak active bytes(MB): 2408.220916748047
bytes in use(MB): 45.07177734375
==> iteration 406
peak active bytes(MB): 2408.220916748047
bytes in use(MB): 48.029541015625
==> iteration 407
peak active bytes(MB): 2408.220916748047
bytes in use(MB): 48.009033203125
==> iteration 408
peak active bytes(MB): 2408.220916748047
bytes in use(MB): 45.09228515625
==> iteration 409
peak active bytes(MB): 2408.220916748047
bytes in use(MB): 48.085205078125
==> iteration 410
peak active bytes(MB): 2408.220916748047
bytes in use(MB): 45.20703125
==> iteration 411
peak active bytes(MB): 2408.220916748047
bytes in use(MB): 47.970458984375
==> iteration 412
peak active bytes(MB): 2408.220916748047
bytes in use(MB): 51.9013671875
==> iteration 413
peak active bytes(MB): 2408.220916748047
bytes in use(MB): 45.091064453125
==> iteration 414
peak active bytes(MB): 2408.220916748047
bytes in use(MB): 50.967041015625
==> iteration 415
peak active bytes(MB): 2408.220916748047
bytes in use(MB): 45.07177734375
==> iteration 416
peak active bytes(MB): 2408.220916748047
bytes in use(MB): 45.072998046875
==> iteration 417
peak active bytes(MB): 2408.220916748047
bytes in use(MB): 45.052490234375
==> iteration 418
peak active bytes(MB): 2408.220916748047
bytes in use(MB): 66.0732421875
==> iteration 419
peak active bytes(MB): 2408.220916748047
bytes in use(MB): 47.98974609375
==> iteration 420
peak active bytes(MB): 2408.220916748047
bytes in use(MB): 45.111572265625
==> iteration 421
peak active bytes(MB): 2408.220916748047
bytes in use(MB): 48.06591796875
==> iteration 422
peak active bytes(MB): 2408.220916748047
bytes in use(MB): 45.1298828125
==> iteration 423
peak active bytes(MB): 2408.220916748047
bytes in use(MB): 48.047607421875
==> iteration 424
peak active bytes(MB): 2408.220916748047
bytes in use(MB): 51.8251953125
==> iteration 425
peak active bytes(MB): 2408.220916748047
bytes in use(MB): 45.07177734375
==> iteration 426
peak active bytes(MB): 2408.220916748047
bytes in use(MB): 50.890869140625
==> iteration 427
peak active bytes(MB): 2408.220916748047
bytes in use(MB): 45.052490234375
==> iteration 428
peak active bytes(MB): 2408.220916748047
bytes in use(MB): 45.09228515625
==> iteration 429
peak active bytes(MB): 2408.220916748047
bytes in use(MB): 45.128662109375
==> iteration 430
peak active bytes(MB): 2408.220916748047
bytes in use(MB): 66.092529296875
==> iteration 431
peak active bytes(MB): 2408.220916748047
bytes in use(MB): 47.970458984375
==> iteration 432
peak active bytes(MB): 2408.220916748047
bytes in use(MB): 45.034423828125
==> iteration 433
peak active bytes(MB): 2408.220916748047
bytes in use(MB): 48.047607421875
==> iteration 434
peak active bytes(MB): 2408.220916748047
bytes in use(MB): 48.01025390625
==> iteration 435
peak active bytes(MB): 2408.220916748047
bytes in use(MB): 45.07177734375
==> iteration 436
peak active bytes(MB): 2408.220916748047
bytes in use(MB): 48.029541015625
==> iteration 437
peak active bytes(MB): 2408.220916748047
bytes in use(MB): 48.009033203125
==> iteration 438
peak active bytes(MB): 2408.220916748047
bytes in use(MB): 45.09228515625
==> iteration 439
peak active bytes(MB): 2408.220916748047
bytes in use(MB): 48.085205078125
==> iteration 440
peak active bytes(MB): 2408.220916748047
bytes in use(MB): 45.20703125
==> iteration 441
peak active bytes(MB): 2408.220916748047
bytes in use(MB): 47.970458984375
==> iteration 442
peak active bytes(MB): 2408.220916748047
bytes in use(MB): 51.9013671875
==> iteration 443
peak active bytes(MB): 2408.220916748047
bytes in use(MB): 45.091064453125
==> iteration 444
peak active bytes(MB): 2408.220916748047
bytes in use(MB): 50.967041015625
==> iteration 445
peak active bytes(MB): 2408.220916748047
bytes in use(MB): 45.07177734375
==> iteration 446
peak active bytes(MB): 2408.220916748047
bytes in use(MB): 45.072998046875
==> iteration 447
peak active bytes(MB): 2408.220916748047
bytes in use(MB): 45.052490234375
==> iteration 448
peak active bytes(MB): 2408.220916748047
bytes in use(MB): 66.0732421875
==> iteration 449
peak active bytes(MB): 2408.220916748047
bytes in use(MB): 47.98974609375
==> iteration 450
peak active bytes(MB): 2408.220916748047
bytes in use(MB): 45.111572265625
==> iteration 451
peak active bytes(MB): 2408.220916748047
bytes in use(MB): 48.06591796875
==> iteration 452
peak active bytes(MB): 2408.220916748047
bytes in use(MB): 45.1298828125
==> iteration 453
peak active bytes(MB): 2408.220916748047
bytes in use(MB): 48.047607421875
==> iteration 454
peak active bytes(MB): 2408.220916748047
bytes in use(MB): 51.8251953125
==> iteration 455
peak active bytes(MB): 2408.220916748047
bytes in use(MB): 45.07177734375
==> iteration 456
peak active bytes(MB): 2408.220916748047
bytes in use(MB): 50.890869140625
==> iteration 457
peak active bytes(MB): 2408.220916748047
bytes in use(MB): 45.052490234375
==> iteration 458
peak active bytes(MB): 2408.220916748047
bytes in use(MB): 45.09228515625
==> iteration 459
peak active bytes(MB): 2408.220916748047
bytes in use(MB): 45.128662109375
==> iteration 460
peak active bytes(MB): 2408.220916748047
bytes in use(MB): 66.092529296875
==> iteration 461
peak active bytes(MB): 2408.220916748047
bytes in use(MB): 47.970458984375
==> iteration 462
peak active bytes(MB): 2408.220916748047
bytes in use(MB): 45.034423828125
==> iteration 463
peak active bytes(MB): 2408.220916748047
bytes in use(MB): 48.047607421875
==> iteration 464
peak active bytes(MB): 2408.220916748047
bytes in use(MB): 48.01025390625
==> iteration 465
peak active bytes(MB): 2408.220916748047
bytes in use(MB): 45.07177734375
==> iteration 466
peak active bytes(MB): 2408.220916748047
bytes in use(MB): 48.029541015625
==> iteration 467
peak active bytes(MB): 2408.220916748047
bytes in use(MB): 48.009033203125
==> iteration 468
peak active bytes(MB): 2408.220916748047
bytes in use(MB): 45.09228515625
==> iteration 469
peak active bytes(MB): 2408.220916748047
bytes in use(MB): 48.085205078125
==> iteration 470
peak active bytes(MB): 2408.220916748047
bytes in use(MB): 45.20703125
==> iteration 471
peak active bytes(MB): 2408.220916748047
bytes in use(MB): 47.970458984375
==> iteration 472
peak active bytes(MB): 2408.220916748047
bytes in use(MB): 51.9013671875
==> iteration 473
peak active bytes(MB): 2408.220916748047
bytes in use(MB): 45.091064453125
==> iteration 474
peak active bytes(MB): 2408.220916748047
bytes in use(MB): 50.967041015625
==> iteration 475
peak active bytes(MB): 2408.220916748047
bytes in use(MB): 45.07177734375
==> iteration 476
peak active bytes(MB): 2408.220916748047
bytes in use(MB): 45.072998046875
==> iteration 477
peak active bytes(MB): 2408.220916748047
bytes in use(MB): 45.052490234375
==> iteration 478
peak active bytes(MB): 2408.220916748047
bytes in use(MB): 66.0732421875
==> iteration 479
peak active bytes(MB): 2408.220916748047
bytes in use(MB): 47.98974609375
==> iteration 480
peak active bytes(MB): 2408.220916748047
bytes in use(MB): 45.111572265625
==> iteration 481
peak active bytes(MB): 2408.220916748047
bytes in use(MB): 48.06591796875
==> iteration 482
peak active bytes(MB): 2408.220916748047
bytes in use(MB): 45.1298828125
==> iteration 483
peak active bytes(MB): 2408.220916748047
bytes in use(MB): 48.047607421875
==> iteration 484
peak active bytes(MB): 2408.220916748047
bytes in use(MB): 51.8251953125
==> iteration 485
peak active bytes(MB): 2408.220916748047
bytes in use(MB): 45.07177734375
==> iteration 486
peak active bytes(MB): 2408.220916748047
bytes in use(MB): 50.890869140625
==> iteration 487
peak active bytes(MB): 2408.220916748047
bytes in use(MB): 45.052490234375
==> iteration 488
peak active bytes(MB): 2408.220916748047
bytes in use(MB): 45.09228515625
==> iteration 489
peak active bytes(MB): 2408.220916748047
bytes in use(MB): 45.128662109375
==> iteration 490
peak active bytes(MB): 2408.220916748047
bytes in use(MB): 66.092529296875
==> iteration 491
peak active bytes(MB): 2408.220916748047
bytes in use(MB): 47.970458984375
==> iteration 492
peak active bytes(MB): 2408.220916748047
bytes in use(MB): 45.034423828125
==> iteration 493
peak active bytes(MB): 2408.220916748047
bytes in use(MB): 48.047607421875
==> iteration 494
peak active bytes(MB): 2408.220916748047
bytes in use(MB): 48.01025390625
==> iteration 495
peak active bytes(MB): 2408.220916748047
bytes in use(MB): 45.07177734375
==> iteration 496
peak active bytes(MB): 2408.220916748047
bytes in use(MB): 48.029541015625
==> iteration 497
peak active bytes(MB): 2408.220916748047
bytes in use(MB): 48.009033203125
==> iteration 498
peak active bytes(MB): 2408.220916748047
bytes in use(MB): 45.09228515625
==> iteration 499
peak active bytes(MB): 2408.220916748047
bytes in use(MB): 48.085205078125
throughput: 19.914 ms!!!
