2021-04-12 22:25:04.696394: I tensorflow/stream_executor/platform/default/dso_loader.cc:44] Successfully opened dynamic library libcudart.so.10.2
2021-04-12 22:25:05.166307: I tensorflow/stream_executor/platform/default/dso_loader.cc:44] Successfully opened dynamic library libnvinfer.so.7
2021-04-12 22:25:05.167362: I tensorflow/stream_executor/platform/default/dso_loader.cc:44] Successfully opened dynamic library libnvinfer_plugin.so.7
2021-04-12 22:25:05.730145: E bazel-out/k8-py2-opt/bin/tensorflow/python/pywrap_tensorflow_internal.cc:5187] (GetBFCAllocatorStats) No GPU device registered. Skipping getting stats

2021-04-12 22:25:05.730195: E bazel-out/k8-py2-opt/bin/tensorflow/python/pywrap_tensorflow_internal.cc:5388] (getPeakBytesActive) - Could not retrieve BFC Allocator Stats
2021-04-12 22:25:05.733103: I tensorflow/stream_executor/platform/default/dso_loader.cc:44] Successfully opened dynamic library libcuda.so.1
2021-04-12 22:25:05.735360: I tensorflow/stream_executor/cuda/cuda_gpu_executor.cc:981] successful NUMA node read from SysFS had negative value (-1), but there must be at least one NUMA node, so returning NUMA node zero
2021-04-12 22:25:05.735878: I tensorflow/core/common_runtime/gpu/gpu_device.cc:1558] Found device 0 with properties: 
pciBusID: 0000:06:00.0 name: TITAN Xp COLLECTORS EDITION computeCapability: 6.1
coreClock: 1.582GHz coreCount: 30 deviceMemorySize: 11.91GiB deviceMemoryBandwidth: 510.07GiB/s
2021-04-12 22:25:05.735899: I tensorflow/stream_executor/platform/default/dso_loader.cc:44] Successfully opened dynamic library libcudart.so.10.2
2021-04-12 22:25:05.735926: I tensorflow/stream_executor/platform/default/dso_loader.cc:44] Successfully opened dynamic library libcublas.so.10
2021-04-12 22:25:05.737031: I tensorflow/stream_executor/platform/default/dso_loader.cc:44] Successfully opened dynamic library libcufft.so.10
2021-04-12 22:25:05.737226: I tensorflow/stream_executor/platform/default/dso_loader.cc:44] Successfully opened dynamic library libcurand.so.10
2021-04-12 22:25:05.738552: I tensorflow/stream_executor/platform/default/dso_loader.cc:44] Successfully opened dynamic library libcusolver.so.10
2021-04-12 22:25:05.739148: I tensorflow/stream_executor/platform/default/dso_loader.cc:44] Successfully opened dynamic library libcusparse.so.10
2021-04-12 22:25:05.739183: I tensorflow/stream_executor/platform/default/dso_loader.cc:44] Successfully opened dynamic library libcudnn.so.7
2021-04-12 22:25:05.739270: I tensorflow/stream_executor/cuda/cuda_gpu_executor.cc:981] successful NUMA node read from SysFS had negative value (-1), but there must be at least one NUMA node, so returning NUMA node zero
2021-04-12 22:25:05.739829: I tensorflow/stream_executor/cuda/cuda_gpu_executor.cc:981] successful NUMA node read from SysFS had negative value (-1), but there must be at least one NUMA node, so returning NUMA node zero
2021-04-12 22:25:05.740313: I tensorflow/core/common_runtime/gpu/gpu_device.cc:1700] Adding visible gpu devices: 0
2021-04-12 22:25:05.740556: I tensorflow/core/platform/cpu_feature_guard.cc:142] Your CPU supports instructions that this TensorFlow binary was not compiled to use: SSE4.1 SSE4.2 AVX AVX2 FMA
2021-04-12 22:25:05.745811: I tensorflow/core/platform/profile_utils/cpu_utils.cc:101] CPU Frequency: 3500335000 Hz
2021-04-12 22:25:05.746089: I tensorflow/compiler/xla/service/service.cc:168] XLA service 0x55d4f41fa860 initialized for platform Host (this does not guarantee that XLA will be used). Devices:
2021-04-12 22:25:05.746102: I tensorflow/compiler/xla/service/service.cc:176]   StreamExecutor device (0): Host, Default Version
2021-04-12 22:25:05.746260: I tensorflow/stream_executor/cuda/cuda_gpu_executor.cc:981] successful NUMA node read from SysFS had negative value (-1), but there must be at least one NUMA node, so returning NUMA node zero
2021-04-12 22:25:05.746793: I tensorflow/core/common_runtime/gpu/gpu_device.cc:1558] Found device 0 with properties: 
pciBusID: 0000:06:00.0 name: TITAN Xp COLLECTORS EDITION computeCapability: 6.1
coreClock: 1.582GHz coreCount: 30 deviceMemorySize: 11.91GiB deviceMemoryBandwidth: 510.07GiB/s
2021-04-12 22:25:05.746827: I tensorflow/stream_executor/platform/default/dso_loader.cc:44] Successfully opened dynamic library libcudart.so.10.2
2021-04-12 22:25:05.746843: I tensorflow/stream_executor/platform/default/dso_loader.cc:44] Successfully opened dynamic library libcublas.so.10
2021-04-12 22:25:05.746862: I tensorflow/stream_executor/platform/default/dso_loader.cc:44] Successfully opened dynamic library libcufft.so.10
2021-04-12 22:25:05.746877: I tensorflow/stream_executor/platform/default/dso_loader.cc:44] Successfully opened dynamic library libcurand.so.10
2021-04-12 22:25:05.746892: I tensorflow/stream_executor/platform/default/dso_loader.cc:44] Successfully opened dynamic library libcusolver.so.10
2021-04-12 22:25:05.746907: I tensorflow/stream_executor/platform/default/dso_loader.cc:44] Successfully opened dynamic library libcusparse.so.10
2021-04-12 22:25:05.746920: I tensorflow/stream_executor/platform/default/dso_loader.cc:44] Successfully opened dynamic library libcudnn.so.7
2021-04-12 22:25:05.746963: I tensorflow/stream_executor/cuda/cuda_gpu_executor.cc:981] successful NUMA node read from SysFS had negative value (-1), but there must be at least one NUMA node, so returning NUMA node zero
2021-04-12 22:25:05.747486: I tensorflow/stream_executor/cuda/cuda_gpu_executor.cc:981] successful NUMA node read from SysFS had negative value (-1), but there must be at least one NUMA node, so returning NUMA node zero
2021-04-12 22:25:05.748000: I tensorflow/core/common_runtime/gpu/gpu_device.cc:1700] Adding visible gpu devices: 0
2021-04-12 22:25:05.748027: I tensorflow/stream_executor/platform/default/dso_loader.cc:44] Successfully opened dynamic library libcudart.so.10.2
2021-04-12 22:25:06.235567: I tensorflow/core/common_runtime/gpu/gpu_device.cc:1099] Device interconnect StreamExecutor with strength 1 edge matrix:
2021-04-12 22:25:06.235595: I tensorflow/core/common_runtime/gpu/gpu_device.cc:1105]      0 
2021-04-12 22:25:06.235600: I tensorflow/core/common_runtime/gpu/gpu_device.cc:1118] 0:   N 
2021-04-12 22:25:06.235753: I tensorflow/stream_executor/cuda/cuda_gpu_executor.cc:981] successful NUMA node read from SysFS had negative value (-1), but there must be at least one NUMA node, so returning NUMA node zero
2021-04-12 22:25:06.236294: I tensorflow/stream_executor/cuda/cuda_gpu_executor.cc:981] successful NUMA node read from SysFS had negative value (-1), but there must be at least one NUMA node, so returning NUMA node zero
2021-04-12 22:25:06.236813: I tensorflow/stream_executor/cuda/cuda_gpu_executor.cc:981] successful NUMA node read from SysFS had negative value (-1), but there must be at least one NUMA node, so returning NUMA node zero
2021-04-12 22:25:06.237453: I tensorflow/core/common_runtime/gpu/gpu_device.cc:1244] Created TensorFlow device (/job:localhost/replica:0/task:0/device:GPU:0 with 11281 MB memory) -> physical GPU (device: 0, name: TITAN Xp COLLECTORS EDITION, pci bus id: 0000:06:00.0, compute capability: 6.1)
2021-04-12 22:25:06.239407: I tensorflow/compiler/xla/service/service.cc:168] XLA service 0x55d50cd90500 initialized for platform CUDA (this does not guarantee that XLA will be used). Devices:
2021-04-12 22:25:06.239424: I tensorflow/compiler/xla/service/service.cc:176]   StreamExecutor device (0): TITAN Xp COLLECTORS EDITION, Compute Capability 6.1
22:25:05.730218
==> iteration 0
peak active bytes(MB): 3600.001220703125
==> iteration 1
peak active bytes(MB): 3600.001220703125
==> iteration 2
peak active bytes(MB): 3600.001220703125
==> iteration 3
peak active bytes(MB): 3633.188720703125
==> iteration 4
peak active bytes(MB): 3633.188720703125
==> iteration 5
peak active bytes(MB): 3633.188720703125
==> iteration 6
peak active bytes(MB): 3633.188720703125
==> iteration 7
peak active bytes(MB): 3636.469970703125
==> iteration 8
peak active bytes(MB): 3636.469970703125
==> iteration 9
peak active bytes(MB): 3636.469970703125
==> iteration 10
peak active bytes(MB): 3636.469970703125
==> iteration 11
peak active bytes(MB): 3636.469970703125
==> iteration 12
peak active bytes(MB): 3636.469970703125
==> iteration 13
peak active bytes(MB): 3636.469970703125
==> iteration 14
peak active bytes(MB): 3636.469970703125
==> iteration 15
peak active bytes(MB): 3636.469970703125
==> iteration 16
peak active bytes(MB): 3636.469970703125
==> iteration 17
peak active bytes(MB): 3636.469970703125
==> iteration 18
peak active bytes(MB): 3636.469970703125
==> iteration 19
peak active bytes(MB): 3636.516845703125
==> iteration 20
peak active bytes(MB): 3636.516845703125
==> iteration 21
peak active bytes(MB): 3636.516845703125
==> iteration 22
peak active bytes(MB): 3636.516845703125
==> iteration 23
peak active bytes(MB): 3636.516845703125
==> iteration 24
peak active bytes(MB): 3636.516845703125
==> iteration 25
peak active bytes(MB): 3636.516845703125
==> iteration 26
peak active bytes(MB): 3636.516845703125
==> iteration 27
peak active bytes(MB): 3636.516845703125
==> iteration 28
peak active bytes(MB): 3636.516845703125
==> iteration 29
peak active bytes(MB): 3636.516845703125
throughput: 49.4 ms!!!
