2021-04-09 22:22:12.751231: I tensorflow/stream_executor/platform/default/dso_loader.cc:44] Successfully opened dynamic library libcudart.so.10.2
2021-04-09 22:22:13.207244: I tensorflow/stream_executor/platform/default/dso_loader.cc:44] Successfully opened dynamic library libnvinfer.so.7
2021-04-09 22:22:13.208307: I tensorflow/stream_executor/platform/default/dso_loader.cc:44] Successfully opened dynamic library libnvinfer_plugin.so.7
2021-04-09 22:22:13.750182: E bazel-out/k8-py2-opt/bin/tensorflow/python/pywrap_tensorflow_internal.cc:5187] (GetBFCAllocatorStats) No GPU device registered. Skipping getting stats

2021-04-09 22:22:13.750222: E bazel-out/k8-py2-opt/bin/tensorflow/python/pywrap_tensorflow_internal.cc:5388] (getPeakBytesActive) - Could not retrieve BFC Allocator Stats
2021-04-09 22:22:13.752665: I tensorflow/stream_executor/platform/default/dso_loader.cc:44] Successfully opened dynamic library libcuda.so.1
2021-04-09 22:22:13.755682: I tensorflow/stream_executor/cuda/cuda_gpu_executor.cc:981] successful NUMA node read from SysFS had negative value (-1), but there must be at least one NUMA node, so returning NUMA node zero
2021-04-09 22:22:13.756525: I tensorflow/core/common_runtime/gpu/gpu_device.cc:1558] Found device 0 with properties: 
pciBusID: 0000:06:00.0 name: TITAN Xp COLLECTORS EDITION computeCapability: 6.1
coreClock: 1.582GHz coreCount: 30 deviceMemorySize: 11.91GiB deviceMemoryBandwidth: 510.07GiB/s
2021-04-09 22:22:13.756555: I tensorflow/stream_executor/platform/default/dso_loader.cc:44] Successfully opened dynamic library libcudart.so.10.2
2021-04-09 22:22:13.756604: I tensorflow/stream_executor/platform/default/dso_loader.cc:44] Successfully opened dynamic library libcublas.so.10
2021-04-09 22:22:13.757845: I tensorflow/stream_executor/platform/default/dso_loader.cc:44] Successfully opened dynamic library libcufft.so.10
2021-04-09 22:22:13.758059: I tensorflow/stream_executor/platform/default/dso_loader.cc:44] Successfully opened dynamic library libcurand.so.10
2021-04-09 22:22:13.759298: I tensorflow/stream_executor/platform/default/dso_loader.cc:44] Successfully opened dynamic library libcusolver.so.10
2021-04-09 22:22:13.759952: I tensorflow/stream_executor/platform/default/dso_loader.cc:44] Successfully opened dynamic library libcusparse.so.10
2021-04-09 22:22:13.759982: I tensorflow/stream_executor/platform/default/dso_loader.cc:44] Successfully opened dynamic library libcudnn.so.7
2021-04-09 22:22:13.760065: I tensorflow/stream_executor/cuda/cuda_gpu_executor.cc:981] successful NUMA node read from SysFS had negative value (-1), but there must be at least one NUMA node, so returning NUMA node zero
2021-04-09 22:22:13.760620: I tensorflow/stream_executor/cuda/cuda_gpu_executor.cc:981] successful NUMA node read from SysFS had negative value (-1), but there must be at least one NUMA node, so returning NUMA node zero
2021-04-09 22:22:13.761127: I tensorflow/core/common_runtime/gpu/gpu_device.cc:1700] Adding visible gpu devices: 0
2021-04-09 22:22:13.761383: I tensorflow/core/platform/cpu_feature_guard.cc:142] Your CPU supports instructions that this TensorFlow binary was not compiled to use: SSE4.1 SSE4.2 AVX AVX2 FMA
2021-04-09 22:22:13.766493: I tensorflow/core/platform/profile_utils/cpu_utils.cc:101] CPU Frequency: 3500335000 Hz
2021-04-09 22:22:13.766749: I tensorflow/compiler/xla/service/service.cc:168] XLA service 0x55adf793b0b0 initialized for platform Host (this does not guarantee that XLA will be used). Devices:
2021-04-09 22:22:13.766801: I tensorflow/compiler/xla/service/service.cc:176]   StreamExecutor device (0): Host, Default Version
2021-04-09 22:22:13.766928: I tensorflow/stream_executor/cuda/cuda_gpu_executor.cc:981] successful NUMA node read from SysFS had negative value (-1), but there must be at least one NUMA node, so returning NUMA node zero
2021-04-09 22:22:13.767439: I tensorflow/core/common_runtime/gpu/gpu_device.cc:1558] Found device 0 with properties: 
pciBusID: 0000:06:00.0 name: TITAN Xp COLLECTORS EDITION computeCapability: 6.1
coreClock: 1.582GHz coreCount: 30 deviceMemorySize: 11.91GiB deviceMemoryBandwidth: 510.07GiB/s
2021-04-09 22:22:13.767465: I tensorflow/stream_executor/platform/default/dso_loader.cc:44] Successfully opened dynamic library libcudart.so.10.2
2021-04-09 22:22:13.767477: I tensorflow/stream_executor/platform/default/dso_loader.cc:44] Successfully opened dynamic library libcublas.so.10
2021-04-09 22:22:13.767491: I tensorflow/stream_executor/platform/default/dso_loader.cc:44] Successfully opened dynamic library libcufft.so.10
2021-04-09 22:22:13.767502: I tensorflow/stream_executor/platform/default/dso_loader.cc:44] Successfully opened dynamic library libcurand.so.10
2021-04-09 22:22:13.767513: I tensorflow/stream_executor/platform/default/dso_loader.cc:44] Successfully opened dynamic library libcusolver.so.10
2021-04-09 22:22:13.767524: I tensorflow/stream_executor/platform/default/dso_loader.cc:44] Successfully opened dynamic library libcusparse.so.10
2021-04-09 22:22:13.767534: I tensorflow/stream_executor/platform/default/dso_loader.cc:44] Successfully opened dynamic library libcudnn.so.7
2021-04-09 22:22:13.767574: I tensorflow/stream_executor/cuda/cuda_gpu_executor.cc:981] successful NUMA node read from SysFS had negative value (-1), but there must be at least one NUMA node, so returning NUMA node zero
2021-04-09 22:22:13.768095: I tensorflow/stream_executor/cuda/cuda_gpu_executor.cc:981] successful NUMA node read from SysFS had negative value (-1), but there must be at least one NUMA node, so returning NUMA node zero
2021-04-09 22:22:13.768578: I tensorflow/core/common_runtime/gpu/gpu_device.cc:1700] Adding visible gpu devices: 0
2021-04-09 22:22:13.768607: I tensorflow/stream_executor/platform/default/dso_loader.cc:44] Successfully opened dynamic library libcudart.so.10.2
2021-04-09 22:22:14.267280: I tensorflow/core/common_runtime/gpu/gpu_device.cc:1099] Device interconnect StreamExecutor with strength 1 edge matrix:
2021-04-09 22:22:14.267312: I tensorflow/core/common_runtime/gpu/gpu_device.cc:1105]      0 
2021-04-09 22:22:14.267318: I tensorflow/core/common_runtime/gpu/gpu_device.cc:1118] 0:   N 
2021-04-09 22:22:14.267480: I tensorflow/stream_executor/cuda/cuda_gpu_executor.cc:981] successful NUMA node read from SysFS had negative value (-1), but there must be at least one NUMA node, so returning NUMA node zero
2021-04-09 22:22:14.268043: I tensorflow/stream_executor/cuda/cuda_gpu_executor.cc:981] successful NUMA node read from SysFS had negative value (-1), but there must be at least one NUMA node, so returning NUMA node zero
2021-04-09 22:22:14.268564: I tensorflow/stream_executor/cuda/cuda_gpu_executor.cc:981] successful NUMA node read from SysFS had negative value (-1), but there must be at least one NUMA node, so returning NUMA node zero
2021-04-09 22:22:14.269212: I tensorflow/core/common_runtime/gpu/gpu_device.cc:1244] Created TensorFlow device (/job:localhost/replica:0/task:0/device:GPU:0 with 11281 MB memory) -> physical GPU (device: 0, name: TITAN Xp COLLECTORS EDITION, pci bus id: 0000:06:00.0, compute capability: 6.1)
2021-04-09 22:22:14.270572: I tensorflow/compiler/xla/service/service.cc:168] XLA service 0x55ae109df950 initialized for platform CUDA (this does not guarantee that XLA will be used). Devices:
2021-04-09 22:22:14.270584: I tensorflow/compiler/xla/service/service.cc:176]   StreamExecutor device (0): TITAN Xp COLLECTORS EDITION, Compute Capability 6.1
22:22:13.750236
==> iteration 0
peak active bytes(MB): 1600.001220703125
==> iteration 1
peak active bytes(MB): 1600.001220703125
==> iteration 2
peak active bytes(MB): 1600.001220703125
==> iteration 3
peak active bytes(MB): 1614.126220703125
==> iteration 4
peak active bytes(MB): 1614.126220703125
==> iteration 5
peak active bytes(MB): 1630.407470703125
==> iteration 6
peak active bytes(MB): 1630.407470703125
==> iteration 7
peak active bytes(MB): 1630.407470703125
==> iteration 8
peak active bytes(MB): 1630.407470703125
==> iteration 9
peak active bytes(MB): 1630.407470703125
==> iteration 10
peak active bytes(MB): 1630.407470703125
==> iteration 11
peak active bytes(MB): 1630.407470703125
==> iteration 12
peak active bytes(MB): 1630.407470703125
==> iteration 13
peak active bytes(MB): 1630.407470703125
==> iteration 14
peak active bytes(MB): 1630.407470703125
==> iteration 15
peak active bytes(MB): 1630.407470703125
==> iteration 16
peak active bytes(MB): 1630.407470703125
==> iteration 17
peak active bytes(MB): 1630.407470703125
==> iteration 18
peak active bytes(MB): 1630.407470703125
==> iteration 19
peak active bytes(MB): 1630.407470703125
throughput: 46.25 ms!!!
