2021-04-09 22:26:14.969092: I tensorflow/stream_executor/platform/default/dso_loader.cc:44] Successfully opened dynamic library libcudart.so.10.2
2021-04-09 22:26:15.434764: I tensorflow/stream_executor/platform/default/dso_loader.cc:44] Successfully opened dynamic library libnvinfer.so.7
2021-04-09 22:26:15.436100: I tensorflow/stream_executor/platform/default/dso_loader.cc:44] Successfully opened dynamic library libnvinfer_plugin.so.7
2021-04-09 22:26:16.008318: E bazel-out/k8-py2-opt/bin/tensorflow/python/pywrap_tensorflow_internal.cc:5187] (GetBFCAllocatorStats) No GPU device registered. Skipping getting stats

2021-04-09 22:26:16.008362: E bazel-out/k8-py2-opt/bin/tensorflow/python/pywrap_tensorflow_internal.cc:5388] (getPeakBytesActive) - Could not retrieve BFC Allocator Stats
2021-04-09 22:26:16.010363: I tensorflow/stream_executor/platform/default/dso_loader.cc:44] Successfully opened dynamic library libcuda.so.1
2021-04-09 22:26:16.012412: I tensorflow/stream_executor/cuda/cuda_gpu_executor.cc:981] successful NUMA node read from SysFS had negative value (-1), but there must be at least one NUMA node, so returning NUMA node zero
2021-04-09 22:26:16.012937: I tensorflow/core/common_runtime/gpu/gpu_device.cc:1558] Found device 0 with properties: 
pciBusID: 0000:06:00.0 name: TITAN Xp COLLECTORS EDITION computeCapability: 6.1
coreClock: 1.582GHz coreCount: 30 deviceMemorySize: 11.91GiB deviceMemoryBandwidth: 510.07GiB/s
2021-04-09 22:26:16.012956: I tensorflow/stream_executor/platform/default/dso_loader.cc:44] Successfully opened dynamic library libcudart.so.10.2
2021-04-09 22:26:16.012982: I tensorflow/stream_executor/platform/default/dso_loader.cc:44] Successfully opened dynamic library libcublas.so.10
2021-04-09 22:26:16.014031: I tensorflow/stream_executor/platform/default/dso_loader.cc:44] Successfully opened dynamic library libcufft.so.10
2021-04-09 22:26:16.014239: I tensorflow/stream_executor/platform/default/dso_loader.cc:44] Successfully opened dynamic library libcurand.so.10
2021-04-09 22:26:16.015447: I tensorflow/stream_executor/platform/default/dso_loader.cc:44] Successfully opened dynamic library libcusolver.so.10
2021-04-09 22:26:16.015987: I tensorflow/stream_executor/platform/default/dso_loader.cc:44] Successfully opened dynamic library libcusparse.so.10
2021-04-09 22:26:16.016017: I tensorflow/stream_executor/platform/default/dso_loader.cc:44] Successfully opened dynamic library libcudnn.so.7
2021-04-09 22:26:16.016096: I tensorflow/stream_executor/cuda/cuda_gpu_executor.cc:981] successful NUMA node read from SysFS had negative value (-1), but there must be at least one NUMA node, so returning NUMA node zero
2021-04-09 22:26:16.016642: I tensorflow/stream_executor/cuda/cuda_gpu_executor.cc:981] successful NUMA node read from SysFS had negative value (-1), but there must be at least one NUMA node, so returning NUMA node zero
2021-04-09 22:26:16.017142: I tensorflow/core/common_runtime/gpu/gpu_device.cc:1700] Adding visible gpu devices: 0
2021-04-09 22:26:16.017393: I tensorflow/core/platform/cpu_feature_guard.cc:142] Your CPU supports instructions that this TensorFlow binary was not compiled to use: SSE4.1 SSE4.2 AVX AVX2 FMA
2021-04-09 22:26:16.022566: I tensorflow/core/platform/profile_utils/cpu_utils.cc:101] CPU Frequency: 3500335000 Hz
2021-04-09 22:26:16.022845: I tensorflow/compiler/xla/service/service.cc:168] XLA service 0x558607e63840 initialized for platform Host (this does not guarantee that XLA will be used). Devices:
2021-04-09 22:26:16.022861: I tensorflow/compiler/xla/service/service.cc:176]   StreamExecutor device (0): Host, Default Version
2021-04-09 22:26:16.022992: I tensorflow/stream_executor/cuda/cuda_gpu_executor.cc:981] successful NUMA node read from SysFS had negative value (-1), but there must be at least one NUMA node, so returning NUMA node zero
2021-04-09 22:26:16.023501: I tensorflow/core/common_runtime/gpu/gpu_device.cc:1558] Found device 0 with properties: 
pciBusID: 0000:06:00.0 name: TITAN Xp COLLECTORS EDITION computeCapability: 6.1
coreClock: 1.582GHz coreCount: 30 deviceMemorySize: 11.91GiB deviceMemoryBandwidth: 510.07GiB/s
2021-04-09 22:26:16.023526: I tensorflow/stream_executor/platform/default/dso_loader.cc:44] Successfully opened dynamic library libcudart.so.10.2
2021-04-09 22:26:16.023538: I tensorflow/stream_executor/platform/default/dso_loader.cc:44] Successfully opened dynamic library libcublas.so.10
2021-04-09 22:26:16.023553: I tensorflow/stream_executor/platform/default/dso_loader.cc:44] Successfully opened dynamic library libcufft.so.10
2021-04-09 22:26:16.023564: I tensorflow/stream_executor/platform/default/dso_loader.cc:44] Successfully opened dynamic library libcurand.so.10
2021-04-09 22:26:16.023579: I tensorflow/stream_executor/platform/default/dso_loader.cc:44] Successfully opened dynamic library libcusolver.so.10
2021-04-09 22:26:16.023600: I tensorflow/stream_executor/platform/default/dso_loader.cc:44] Successfully opened dynamic library libcusparse.so.10
2021-04-09 22:26:16.023619: I tensorflow/stream_executor/platform/default/dso_loader.cc:44] Successfully opened dynamic library libcudnn.so.7
2021-04-09 22:26:16.023661: I tensorflow/stream_executor/cuda/cuda_gpu_executor.cc:981] successful NUMA node read from SysFS had negative value (-1), but there must be at least one NUMA node, so returning NUMA node zero
2021-04-09 22:26:16.024180: I tensorflow/stream_executor/cuda/cuda_gpu_executor.cc:981] successful NUMA node read from SysFS had negative value (-1), but there must be at least one NUMA node, so returning NUMA node zero
2021-04-09 22:26:16.024662: I tensorflow/core/common_runtime/gpu/gpu_device.cc:1700] Adding visible gpu devices: 0
2021-04-09 22:26:16.024686: I tensorflow/stream_executor/platform/default/dso_loader.cc:44] Successfully opened dynamic library libcudart.so.10.2
2021-04-09 22:26:16.518265: I tensorflow/core/common_runtime/gpu/gpu_device.cc:1099] Device interconnect StreamExecutor with strength 1 edge matrix:
2021-04-09 22:26:16.518295: I tensorflow/core/common_runtime/gpu/gpu_device.cc:1105]      0 
2021-04-09 22:26:16.518300: I tensorflow/core/common_runtime/gpu/gpu_device.cc:1118] 0:   N 
2021-04-09 22:26:16.518460: I tensorflow/stream_executor/cuda/cuda_gpu_executor.cc:981] successful NUMA node read from SysFS had negative value (-1), but there must be at least one NUMA node, so returning NUMA node zero
2021-04-09 22:26:16.519022: I tensorflow/stream_executor/cuda/cuda_gpu_executor.cc:981] successful NUMA node read from SysFS had negative value (-1), but there must be at least one NUMA node, so returning NUMA node zero
2021-04-09 22:26:16.519539: I tensorflow/stream_executor/cuda/cuda_gpu_executor.cc:981] successful NUMA node read from SysFS had negative value (-1), but there must be at least one NUMA node, so returning NUMA node zero
2021-04-09 22:26:16.520149: I tensorflow/core/common_runtime/gpu/gpu_device.cc:1244] Created TensorFlow device (/job:localhost/replica:0/task:0/device:GPU:0 with 11281 MB memory) -> physical GPU (device: 0, name: TITAN Xp COLLECTORS EDITION, pci bus id: 0000:06:00.0, compute capability: 6.1)
2021-04-09 22:26:16.521568: I tensorflow/compiler/xla/service/service.cc:168] XLA service 0x558620f07120 initialized for platform CUDA (this does not guarantee that XLA will be used). Devices:
2021-04-09 22:26:16.521584: I tensorflow/compiler/xla/service/service.cc:176]   StreamExecutor device (0): TITAN Xp COLLECTORS EDITION, Compute Capability 6.1
22:26:16.008376
==> iteration 0
peak active bytes(MB): 10000.001220703125
==> iteration 1
peak active bytes(MB): 10000.977783203125
==> iteration 2
peak active bytes(MB): 10015.001220703125
==> iteration 3
peak active bytes(MB): 10100.977783203125
==> iteration 4
peak active bytes(MB): 10100.977783203125
==> iteration 5
peak active bytes(MB): 10100.977783203125
==> iteration 6
peak active bytes(MB): 10100.977783203125
==> iteration 7
peak active bytes(MB): 10100.977783203125
==> iteration 8
peak active bytes(MB): 10100.977783203125
==> iteration 9
peak active bytes(MB): 10100.977783203125
==> iteration 10
peak active bytes(MB): 10100.977783203125
==> iteration 11
peak active bytes(MB): 10100.977783203125
==> iteration 12
peak active bytes(MB): 10100.977783203125
==> iteration 13
peak active bytes(MB): 10100.977783203125
==> iteration 14
peak active bytes(MB): 10100.977783203125
==> iteration 15
peak active bytes(MB): 10100.977783203125
==> iteration 16
peak active bytes(MB): 10100.977783203125
==> iteration 17
peak active bytes(MB): 10100.977783203125
==> iteration 18
peak active bytes(MB): 10100.977783203125
==> iteration 19
peak active bytes(MB): 10100.977783203125
==> iteration 20
peak active bytes(MB): 10100.977783203125
==> iteration 21
peak active bytes(MB): 10100.977783203125
==> iteration 22
peak active bytes(MB): 10100.977783203125
==> iteration 23
peak active bytes(MB): 10100.977783203125
==> iteration 24
peak active bytes(MB): 10100.977783203125
==> iteration 25
peak active bytes(MB): 10100.977783203125
==> iteration 26
peak active bytes(MB): 10100.977783203125
==> iteration 27
peak active bytes(MB): 10100.977783203125
==> iteration 28
peak active bytes(MB): 10100.977783203125
==> iteration 29
peak active bytes(MB): 10100.977783203125
throughput: 96.33333333333333 ms!!!
