2021-04-09 22:21:54.128275: I tensorflow/stream_executor/platform/default/dso_loader.cc:44] Successfully opened dynamic library libcudart.so.10.2
2021-04-09 22:21:54.593105: I tensorflow/stream_executor/platform/default/dso_loader.cc:44] Successfully opened dynamic library libnvinfer.so.7
2021-04-09 22:21:54.594155: I tensorflow/stream_executor/platform/default/dso_loader.cc:44] Successfully opened dynamic library libnvinfer_plugin.so.7
2021-04-09 22:21:55.130018: I tensorflow/stream_executor/platform/default/dso_loader.cc:44] Successfully opened dynamic library libcuda.so.1
2021-04-09 22:21:55.132485: I tensorflow/stream_executor/cuda/cuda_gpu_executor.cc:981] successful NUMA node read from SysFS had negative value (-1), but there must be at least one NUMA node, so returning NUMA node zero
2021-04-09 22:21:55.133262: I tensorflow/core/common_runtime/gpu/gpu_device.cc:1558] Found device 0 with properties: 
pciBusID: 0000:06:00.0 name: TITAN Xp COLLECTORS EDITION computeCapability: 6.1
coreClock: 1.582GHz coreCount: 30 deviceMemorySize: 11.91GiB deviceMemoryBandwidth: 510.07GiB/s
2021-04-09 22:21:55.133292: I tensorflow/stream_executor/platform/default/dso_loader.cc:44] Successfully opened dynamic library libcudart.so.10.2
2021-04-09 22:21:55.133334: I tensorflow/stream_executor/platform/default/dso_loader.cc:44] Successfully opened dynamic library libcublas.so.10
2021-04-09 22:21:55.134875: I tensorflow/stream_executor/platform/default/dso_loader.cc:44] Successfully opened dynamic library libcufft.so.10
2021-04-09 22:21:55.135162: I tensorflow/stream_executor/platform/default/dso_loader.cc:44] Successfully opened dynamic library libcurand.so.10
2021-04-09 22:21:55.136927: I tensorflow/stream_executor/platform/default/dso_loader.cc:44] Successfully opened dynamic library libcusolver.so.10
2021-04-09 22:21:55.137659: I tensorflow/stream_executor/platform/default/dso_loader.cc:44] Successfully opened dynamic library libcusparse.so.10
2021-04-09 22:21:55.137691: I tensorflow/stream_executor/platform/default/dso_loader.cc:44] Successfully opened dynamic library libcudnn.so.7
2021-04-09 22:21:55.137782: I tensorflow/stream_executor/cuda/cuda_gpu_executor.cc:981] successful NUMA node read from SysFS had negative value (-1), but there must be at least one NUMA node, so returning NUMA node zero
2021-04-09 22:21:55.138377: I tensorflow/stream_executor/cuda/cuda_gpu_executor.cc:981] successful NUMA node read from SysFS had negative value (-1), but there must be at least one NUMA node, so returning NUMA node zero
2021-04-09 22:21:55.138861: I tensorflow/core/common_runtime/gpu/gpu_device.cc:1700] Adding visible gpu devices: 0
2021-04-09 22:21:55.140152: I tensorflow/core/platform/cpu_feature_guard.cc:142] Your CPU supports instructions that this TensorFlow binary was not compiled to use: SSE4.1 SSE4.2 AVX AVX2 FMA
2021-04-09 22:21:55.145380: I tensorflow/core/platform/profile_utils/cpu_utils.cc:101] CPU Frequency: 3500335000 Hz
2021-04-09 22:21:55.145685: I tensorflow/compiler/xla/service/service.cc:168] XLA service 0x55f5528543b0 initialized for platform Host (this does not guarantee that XLA will be used). Devices:
2021-04-09 22:21:55.145701: I tensorflow/compiler/xla/service/service.cc:176]   StreamExecutor device (0): Host, Default Version
2021-04-09 22:21:55.145911: I tensorflow/stream_executor/cuda/cuda_gpu_executor.cc:981] successful NUMA node read from SysFS had negative value (-1), but there must be at least one NUMA node, so returning NUMA node zero
2021-04-09 22:21:55.146447: I tensorflow/core/common_runtime/gpu/gpu_device.cc:1558] Found device 0 with properties: 
pciBusID: 0000:06:00.0 name: TITAN Xp COLLECTORS EDITION computeCapability: 6.1
coreClock: 1.582GHz coreCount: 30 deviceMemorySize: 11.91GiB deviceMemoryBandwidth: 510.07GiB/s
2021-04-09 22:21:55.146481: I tensorflow/stream_executor/platform/default/dso_loader.cc:44] Successfully opened dynamic library libcudart.so.10.2
2021-04-09 22:21:55.146501: I tensorflow/stream_executor/platform/default/dso_loader.cc:44] Successfully opened dynamic library libcublas.so.10
2021-04-09 22:21:55.146524: I tensorflow/stream_executor/platform/default/dso_loader.cc:44] Successfully opened dynamic library libcufft.so.10
2021-04-09 22:21:55.146543: I tensorflow/stream_executor/platform/default/dso_loader.cc:44] Successfully opened dynamic library libcurand.so.10
2021-04-09 22:21:55.146564: I tensorflow/stream_executor/platform/default/dso_loader.cc:44] Successfully opened dynamic library libcusolver.so.10
2021-04-09 22:21:55.146584: I tensorflow/stream_executor/platform/default/dso_loader.cc:44] Successfully opened dynamic library libcusparse.so.10
2021-04-09 22:21:55.146600: I tensorflow/stream_executor/platform/default/dso_loader.cc:44] Successfully opened dynamic library libcudnn.so.7
2021-04-09 22:21:55.146649: I tensorflow/stream_executor/cuda/cuda_gpu_executor.cc:981] successful NUMA node read from SysFS had negative value (-1), but there must be at least one NUMA node, so returning NUMA node zero
2021-04-09 22:21:55.147194: I tensorflow/stream_executor/cuda/cuda_gpu_executor.cc:981] successful NUMA node read from SysFS had negative value (-1), but there must be at least one NUMA node, so returning NUMA node zero
2021-04-09 22:21:55.147695: I tensorflow/core/common_runtime/gpu/gpu_device.cc:1700] Adding visible gpu devices: 0
2021-04-09 22:21:55.147726: I tensorflow/stream_executor/platform/default/dso_loader.cc:44] Successfully opened dynamic library libcudart.so.10.2
2021-04-09 22:21:55.647492: I tensorflow/core/common_runtime/gpu/gpu_device.cc:1099] Device interconnect StreamExecutor with strength 1 edge matrix:
2021-04-09 22:21:55.647525: I tensorflow/core/common_runtime/gpu/gpu_device.cc:1105]      0 
2021-04-09 22:21:55.647533: I tensorflow/core/common_runtime/gpu/gpu_device.cc:1118] 0:   N 
2021-04-09 22:21:55.647709: I tensorflow/stream_executor/cuda/cuda_gpu_executor.cc:981] successful NUMA node read from SysFS had negative value (-1), but there must be at least one NUMA node, so returning NUMA node zero
2021-04-09 22:21:55.648276: I tensorflow/stream_executor/cuda/cuda_gpu_executor.cc:981] successful NUMA node read from SysFS had negative value (-1), but there must be at least one NUMA node, so returning NUMA node zero
2021-04-09 22:21:55.648823: I tensorflow/stream_executor/cuda/cuda_gpu_executor.cc:981] successful NUMA node read from SysFS had negative value (-1), but there must be at least one NUMA node, so returning NUMA node zero
2021-04-09 22:21:55.649330: I tensorflow/core/common_runtime/gpu/gpu_device.cc:1244] Created TensorFlow device (/job:localhost/replica:0/task:0/device:GPU:0 with 11281 MB memory) -> physical GPU (device: 0, name: TITAN Xp COLLECTORS EDITION, pci bus id: 0000:06:00.0, compute capability: 6.1)
2021-04-09 22:21:55.650724: I tensorflow/compiler/xla/service/service.cc:168] XLA service 0x55f56b8f87f0 initialized for platform CUDA (this does not guarantee that XLA will be used). Devices:
2021-04-09 22:21:55.650737: I tensorflow/compiler/xla/service/service.cc:176]   StreamExecutor device (0): TITAN Xp COLLECTORS EDITION, Compute Capability 6.1
22:21:55.129016
==> iteration 0
peak active bytes(MB): 1600.001220703125
==> iteration 1
peak active bytes(MB): 1650.266845703125
==> iteration 2
peak active bytes(MB): 1650.266845703125
==> iteration 3
peak active bytes(MB): 1664.391845703125
==> iteration 4
peak active bytes(MB): 1664.391845703125
==> iteration 5
peak active bytes(MB): 1680.673095703125
==> iteration 6
peak active bytes(MB): 1680.673095703125
==> iteration 7
peak active bytes(MB): 1680.673095703125
==> iteration 8
peak active bytes(MB): 1680.673095703125
==> iteration 9
peak active bytes(MB): 1680.673095703125
==> iteration 10
peak active bytes(MB): 1680.673095703125
==> iteration 11
peak active bytes(MB): 1680.673095703125
==> iteration 12
peak active bytes(MB): 1680.673095703125
==> iteration 13
peak active bytes(MB): 1680.673095703125
==> iteration 14
peak active bytes(MB): 1680.673095703125
==> iteration 15
peak active bytes(MB): 1680.673095703125
==> iteration 16
peak active bytes(MB): 1680.673095703125
==> iteration 17
peak active bytes(MB): 1680.673095703125
==> iteration 18
peak active bytes(MB): 1680.673095703125
==> iteration 19
peak active bytes(MB): 1680.673095703125
==> iteration 20
peak active bytes(MB): 1680.673095703125
==> iteration 21
peak active bytes(MB): 1680.673095703125
==> iteration 22
peak active bytes(MB): 1680.673095703125
==> iteration 23
peak active bytes(MB): 1680.673095703125
==> iteration 24
peak active bytes(MB): 1680.673095703125
==> iteration 25
peak active bytes(MB): 1680.673095703125
==> iteration 26
peak active bytes(MB): 1680.673095703125
==> iteration 27
peak active bytes(MB): 1680.673095703125
==> iteration 28
peak active bytes(MB): 1680.673095703125
==> iteration 29
peak active bytes(MB): 1680.673095703125
throughput: 34.36666666666667 ms!!!
