2021-04-13 01:58:45.199065: I tensorflow/stream_executor/platform/default/dso_loader.cc:44] Successfully opened dynamic library libcudart.so.10.2
2021-04-13 01:58:45.762237: I tensorflow/stream_executor/platform/default/dso_loader.cc:44] Successfully opened dynamic library libnvinfer.so.7
2021-04-13 01:58:45.763344: I tensorflow/stream_executor/platform/default/dso_loader.cc:44] Successfully opened dynamic library libnvinfer_plugin.so.7
2021-04-13 01:58:46.303314: E bazel-out/k8-py2-opt/bin/tensorflow/python/pywrap_tensorflow_internal.cc:5187] (GetBFCAllocatorStats) No GPU device registered. Skipping getting stats

2021-04-13 01:58:46.303339: E bazel-out/k8-py2-opt/bin/tensorflow/python/pywrap_tensorflow_internal.cc:5388] (getPeakBytesActive) - Could not retrieve BFC Allocator Stats
WARNING:tensorflow:Using temporary folder as model directory: /tmp/tmp6k4279t_
WARNING:tensorflow:From /home/ljs/work-space/anaconda2/envs/wmlce_env-tf-lms/lib/python3.6/site-packages/tensorflow_core/python/ops/resource_variable_ops.py:1635: calling BaseResourceVariable.__init__ (from tensorflow.python.ops.resource_variable_ops) with constraint is deprecated and will be removed in a future version.
Instructions for updating:
If using Keras pass *_constraint arguments to layers.
WARNING:tensorflow:From /home/ljs/work-space/anaconda2/envs/wmlce_env-tf-lms/lib/python3.6/site-packages/tensorflow_core/python/training/training_util.py:236: Variable.initialized_value (from tensorflow.python.ops.variables) is deprecated and will be removed in a future version.
Instructions for updating:
Use Variable.read_value. Variables in 2.X are initialized automatically both in eager and graph (inside tf.defun) contexts.
2021-04-13 01:58:46.594525: I tensorflow/stream_executor/platform/default/dso_loader.cc:44] Successfully opened dynamic library libcuda.so.1
2021-04-13 01:58:46.596555: I tensorflow/stream_executor/cuda/cuda_gpu_executor.cc:981] successful NUMA node read from SysFS had negative value (-1), but there must be at least one NUMA node, so returning NUMA node zero
2021-04-13 01:58:46.597094: I tensorflow/core/common_runtime/gpu/gpu_device.cc:1558] Found device 0 with properties: 
pciBusID: 0000:06:00.0 name: TITAN Xp COLLECTORS EDITION computeCapability: 6.1
coreClock: 1.582GHz coreCount: 30 deviceMemorySize: 11.91GiB deviceMemoryBandwidth: 510.07GiB/s
2021-04-13 01:58:46.597109: I tensorflow/stream_executor/platform/default/dso_loader.cc:44] Successfully opened dynamic library libcudart.so.10.2
2021-04-13 01:58:46.597133: I tensorflow/stream_executor/platform/default/dso_loader.cc:44] Successfully opened dynamic library libcublas.so.10
2021-04-13 01:58:46.598293: I tensorflow/stream_executor/platform/default/dso_loader.cc:44] Successfully opened dynamic library libcufft.so.10
2021-04-13 01:58:46.598474: I tensorflow/stream_executor/platform/default/dso_loader.cc:44] Successfully opened dynamic library libcurand.so.10
2021-04-13 01:58:46.599751: I tensorflow/stream_executor/platform/default/dso_loader.cc:44] Successfully opened dynamic library libcusolver.so.10
2021-04-13 01:58:46.600421: I tensorflow/stream_executor/platform/default/dso_loader.cc:44] Successfully opened dynamic library libcusparse.so.10
2021-04-13 01:58:46.600448: I tensorflow/stream_executor/platform/default/dso_loader.cc:44] Successfully opened dynamic library libcudnn.so.7
2021-04-13 01:58:46.600521: I tensorflow/stream_executor/cuda/cuda_gpu_executor.cc:981] successful NUMA node read from SysFS had negative value (-1), but there must be at least one NUMA node, so returning NUMA node zero
2021-04-13 01:58:46.601072: I tensorflow/stream_executor/cuda/cuda_gpu_executor.cc:981] successful NUMA node read from SysFS had negative value (-1), but there must be at least one NUMA node, so returning NUMA node zero
2021-04-13 01:58:46.601557: I tensorflow/core/common_runtime/gpu/gpu_device.cc:1700] Adding visible gpu devices: 0
WARNING:tensorflow:Issue encountered when serializing resources.
Type is unsupported, or the types of the items don't match field type in CollectionDef. Note this is a warning and probably safe to ignore.
'_Resource' object has no attribute 'name'
2021-04-13 01:58:51.685795: I tensorflow/core/platform/cpu_feature_guard.cc:142] Your CPU supports instructions that this TensorFlow binary was not compiled to use: SSE4.1 SSE4.2 AVX AVX2 FMA
2021-04-13 01:58:51.708883: I tensorflow/core/platform/profile_utils/cpu_utils.cc:101] CPU Frequency: 3500335000 Hz
2021-04-13 01:58:51.709189: I tensorflow/compiler/xla/service/service.cc:168] XLA service 0x55e45e271c10 initialized for platform Host (this does not guarantee that XLA will be used). Devices:
2021-04-13 01:58:51.709205: I tensorflow/compiler/xla/service/service.cc:176]   StreamExecutor device (0): Host, Default Version
2021-04-13 01:58:51.709367: I tensorflow/stream_executor/cuda/cuda_gpu_executor.cc:981] successful NUMA node read from SysFS had negative value (-1), but there must be at least one NUMA node, so returning NUMA node zero
2021-04-13 01:58:51.709987: I tensorflow/core/common_runtime/gpu/gpu_device.cc:1558] Found device 0 with properties: 
pciBusID: 0000:06:00.0 name: TITAN Xp COLLECTORS EDITION computeCapability: 6.1
coreClock: 1.582GHz coreCount: 30 deviceMemorySize: 11.91GiB deviceMemoryBandwidth: 510.07GiB/s
2021-04-13 01:58:51.710024: I tensorflow/stream_executor/platform/default/dso_loader.cc:44] Successfully opened dynamic library libcudart.so.10.2
2021-04-13 01:58:51.710042: I tensorflow/stream_executor/platform/default/dso_loader.cc:44] Successfully opened dynamic library libcublas.so.10
2021-04-13 01:58:51.710067: I tensorflow/stream_executor/platform/default/dso_loader.cc:44] Successfully opened dynamic library libcufft.so.10
2021-04-13 01:58:51.710085: I tensorflow/stream_executor/platform/default/dso_loader.cc:44] Successfully opened dynamic library libcurand.so.10
2021-04-13 01:58:51.710101: I tensorflow/stream_executor/platform/default/dso_loader.cc:44] Successfully opened dynamic library libcusolver.so.10
2021-04-13 01:58:51.710118: I tensorflow/stream_executor/platform/default/dso_loader.cc:44] Successfully opened dynamic library libcusparse.so.10
2021-04-13 01:58:51.710130: I tensorflow/stream_executor/platform/default/dso_loader.cc:44] Successfully opened dynamic library libcudnn.so.7
2021-04-13 01:58:51.710208: I tensorflow/stream_executor/cuda/cuda_gpu_executor.cc:981] successful NUMA node read from SysFS had negative value (-1), but there must be at least one NUMA node, so returning NUMA node zero
2021-04-13 01:58:51.711069: I tensorflow/stream_executor/cuda/cuda_gpu_executor.cc:981] successful NUMA node read from SysFS had negative value (-1), but there must be at least one NUMA node, so returning NUMA node zero
2021-04-13 01:58:51.711860: I tensorflow/core/common_runtime/gpu/gpu_device.cc:1700] Adding visible gpu devices: 0
2021-04-13 01:58:51.711894: I tensorflow/stream_executor/platform/default/dso_loader.cc:44] Successfully opened dynamic library libcudart.so.10.2
2021-04-13 01:58:52.189259: I tensorflow/core/common_runtime/gpu/gpu_device.cc:1099] Device interconnect StreamExecutor with strength 1 edge matrix:
2021-04-13 01:58:52.189289: I tensorflow/core/common_runtime/gpu/gpu_device.cc:1105]      0 
2021-04-13 01:58:52.189295: I tensorflow/core/common_runtime/gpu/gpu_device.cc:1118] 0:   N 
2021-04-13 01:58:52.189443: I tensorflow/stream_executor/cuda/cuda_gpu_executor.cc:981] successful NUMA node read from SysFS had negative value (-1), but there must be at least one NUMA node, so returning NUMA node zero
2021-04-13 01:58:52.190002: I tensorflow/stream_executor/cuda/cuda_gpu_executor.cc:981] successful NUMA node read from SysFS had negative value (-1), but there must be at least one NUMA node, so returning NUMA node zero
2021-04-13 01:58:52.190521: I tensorflow/stream_executor/cuda/cuda_gpu_executor.cc:981] successful NUMA node read from SysFS had negative value (-1), but there must be at least one NUMA node, so returning NUMA node zero
2021-04-13 01:58:52.191021: I tensorflow/core/common_runtime/gpu/gpu_device.cc:1244] Created TensorFlow device (/job:localhost/replica:0/task:0/device:GPU:0 with 11281 MB memory) -> physical GPU (device: 0, name: TITAN Xp COLLECTORS EDITION, pci bus id: 0000:06:00.0, compute capability: 6.1)
2021-04-13 01:58:52.192464: I tensorflow/compiler/xla/service/service.cc:168] XLA service 0x55e475dbfe20 initialized for platform CUDA (this does not guarantee that XLA will be used). Devices:
2021-04-13 01:58:52.192475: I tensorflow/compiler/xla/service/service.cc:176]   StreamExecutor device (0): TITAN Xp COLLECTORS EDITION, Compute Capability 6.1
WARNING:tensorflow:Issue encountered when serializing resources.
Type is unsupported, or the types of the items don't match field type in CollectionDef. Note this is a warning and probably safe to ignore.
'_Resource' object has no attribute 'name'
WARNING:tensorflow:Issue encountered when serializing resources.
Type is unsupported, or the types of the items don't match field type in CollectionDef. Note this is a warning and probably safe to ignore.
'_Resource' object has no attribute 'name'
WARNING:tensorflow:It seems that global step (tf.train.get_global_step) has not been increased. Current value (could be stable): 0 vs previous value: 0. You could increase the global step by passing tf.train.get_global_step() to Optimizer.apply_gradients or Optimizer.minimize.
WARNING:tensorflow:It seems that global step (tf.train.get_global_step) has not been increased. Current value (could be stable): 0 vs previous value: 0. You could increase the global step by passing tf.train.get_global_step() to Optimizer.apply_gradients or Optimizer.minimize.
WARNING:tensorflow:It seems that global step (tf.train.get_global_step) has not been increased. Current value (could be stable): 0 vs previous value: 0. You could increase the global step by passing tf.train.get_global_step() to Optimizer.apply_gradients or Optimizer.minimize.
WARNING:tensorflow:It seems that global step (tf.train.get_global_step) has not been increased. Current value (could be stable): 0 vs previous value: 0. You could increase the global step by passing tf.train.get_global_step() to Optimizer.apply_gradients or Optimizer.minimize.
WARNING:tensorflow:It seems that global step (tf.train.get_global_step) has not been increased. Current value (could be stable): 0 vs previous value: 0. You could increase the global step by passing tf.train.get_global_step() to Optimizer.apply_gradients or Optimizer.minimize.
===> x_train shape: (4096, 2304)
===> y_train shape: (4096,)
01:58:46.585468
peak active bytes(MB): 17.494384765625
bytes in use(MB): 0.0
throughput: 41444 ms!!!
