2021-04-10 09:46:24.729180: I tensorflow/stream_executor/platform/default/dso_loader.cc:44] Successfully opened dynamic library libcudart.so.10.2
2021-04-10 09:46:25.304079: I tensorflow/stream_executor/platform/default/dso_loader.cc:44] Successfully opened dynamic library libnvinfer.so.7
2021-04-10 09:46:25.305074: I tensorflow/stream_executor/platform/default/dso_loader.cc:44] Successfully opened dynamic library libnvinfer_plugin.so.7
2021-04-10 09:46:25.860216: E bazel-out/k8-py2-opt/bin/tensorflow/python/pywrap_tensorflow_internal.cc:5187] (GetBFCAllocatorStats) No GPU device registered. Skipping getting stats

2021-04-10 09:46:25.860236: E bazel-out/k8-py2-opt/bin/tensorflow/python/pywrap_tensorflow_internal.cc:5388] (getPeakBytesActive) - Could not retrieve BFC Allocator Stats
WARNING:tensorflow:Using temporary folder as model directory: /tmp/tmp6bm7nz8q
WARNING:tensorflow:From /home/ljs/work-space/anaconda2/envs/wmlce_env-tf-lms/lib/python3.6/site-packages/tensorflow_core/python/ops/resource_variable_ops.py:1635: calling BaseResourceVariable.__init__ (from tensorflow.python.ops.resource_variable_ops) with constraint is deprecated and will be removed in a future version.
Instructions for updating:
If using Keras pass *_constraint arguments to layers.
WARNING:tensorflow:From /home/ljs/work-space/anaconda2/envs/wmlce_env-tf-lms/lib/python3.6/site-packages/tensorflow_core/python/training/training_util.py:236: Variable.initialized_value (from tensorflow.python.ops.variables) is deprecated and will be removed in a future version.
Instructions for updating:
Use Variable.read_value. Variables in 2.X are initialized automatically both in eager and graph (inside tf.defun) contexts.
2021-04-10 09:46:25.996554: I tensorflow/stream_executor/platform/default/dso_loader.cc:44] Successfully opened dynamic library libcuda.so.1
2021-04-10 09:46:25.998630: I tensorflow/stream_executor/cuda/cuda_gpu_executor.cc:981] successful NUMA node read from SysFS had negative value (-1), but there must be at least one NUMA node, so returning NUMA node zero
2021-04-10 09:46:25.999144: I tensorflow/core/common_runtime/gpu/gpu_device.cc:1558] Found device 0 with properties: 
pciBusID: 0000:06:00.0 name: TITAN Xp COLLECTORS EDITION computeCapability: 6.1
coreClock: 1.582GHz coreCount: 30 deviceMemorySize: 11.91GiB deviceMemoryBandwidth: 510.07GiB/s
2021-04-10 09:46:25.999159: I tensorflow/stream_executor/platform/default/dso_loader.cc:44] Successfully opened dynamic library libcudart.so.10.2
2021-04-10 09:46:25.999184: I tensorflow/stream_executor/platform/default/dso_loader.cc:44] Successfully opened dynamic library libcublas.so.10
2021-04-10 09:46:26.000330: I tensorflow/stream_executor/platform/default/dso_loader.cc:44] Successfully opened dynamic library libcufft.so.10
2021-04-10 09:46:26.000524: I tensorflow/stream_executor/platform/default/dso_loader.cc:44] Successfully opened dynamic library libcurand.so.10
2021-04-10 09:46:26.001873: I tensorflow/stream_executor/platform/default/dso_loader.cc:44] Successfully opened dynamic library libcusolver.so.10
2021-04-10 09:46:26.002529: I tensorflow/stream_executor/platform/default/dso_loader.cc:44] Successfully opened dynamic library libcusparse.so.10
2021-04-10 09:46:26.002556: I tensorflow/stream_executor/platform/default/dso_loader.cc:44] Successfully opened dynamic library libcudnn.so.7
2021-04-10 09:46:26.002632: I tensorflow/stream_executor/cuda/cuda_gpu_executor.cc:981] successful NUMA node read from SysFS had negative value (-1), but there must be at least one NUMA node, so returning NUMA node zero
2021-04-10 09:46:26.003170: I tensorflow/stream_executor/cuda/cuda_gpu_executor.cc:981] successful NUMA node read from SysFS had negative value (-1), but there must be at least one NUMA node, so returning NUMA node zero
2021-04-10 09:46:26.003653: I tensorflow/core/common_runtime/gpu/gpu_device.cc:1700] Adding visible gpu devices: 0
WARNING:tensorflow:Issue encountered when serializing resources.
Type is unsupported, or the types of the items don't match field type in CollectionDef. Note this is a warning and probably safe to ignore.
'_Resource' object has no attribute 'name'
2021-04-10 09:46:28.306823: I tensorflow/core/platform/cpu_feature_guard.cc:142] Your CPU supports instructions that this TensorFlow binary was not compiled to use: SSE4.1 SSE4.2 AVX AVX2 FMA
2021-04-10 09:46:28.328869: I tensorflow/core/platform/profile_utils/cpu_utils.cc:101] CPU Frequency: 3500335000 Hz
2021-04-10 09:46:28.329173: I tensorflow/compiler/xla/service/service.cc:168] XLA service 0x55d6241512f0 initialized for platform Host (this does not guarantee that XLA will be used). Devices:
2021-04-10 09:46:28.329192: I tensorflow/compiler/xla/service/service.cc:176]   StreamExecutor device (0): Host, Default Version
2021-04-10 09:46:28.329381: I tensorflow/stream_executor/cuda/cuda_gpu_executor.cc:981] successful NUMA node read from SysFS had negative value (-1), but there must be at least one NUMA node, so returning NUMA node zero
2021-04-10 09:46:28.330055: I tensorflow/core/common_runtime/gpu/gpu_device.cc:1558] Found device 0 with properties: 
pciBusID: 0000:06:00.0 name: TITAN Xp COLLECTORS EDITION computeCapability: 6.1
coreClock: 1.582GHz coreCount: 30 deviceMemorySize: 11.91GiB deviceMemoryBandwidth: 510.07GiB/s
2021-04-10 09:46:28.330087: I tensorflow/stream_executor/platform/default/dso_loader.cc:44] Successfully opened dynamic library libcudart.so.10.2
2021-04-10 09:46:28.330110: I tensorflow/stream_executor/platform/default/dso_loader.cc:44] Successfully opened dynamic library libcublas.so.10
2021-04-10 09:46:28.330146: I tensorflow/stream_executor/platform/default/dso_loader.cc:44] Successfully opened dynamic library libcufft.so.10
2021-04-10 09:46:28.330169: I tensorflow/stream_executor/platform/default/dso_loader.cc:44] Successfully opened dynamic library libcurand.so.10
2021-04-10 09:46:28.330189: I tensorflow/stream_executor/platform/default/dso_loader.cc:44] Successfully opened dynamic library libcusolver.so.10
2021-04-10 09:46:28.330217: I tensorflow/stream_executor/platform/default/dso_loader.cc:44] Successfully opened dynamic library libcusparse.so.10
2021-04-10 09:46:28.330230: I tensorflow/stream_executor/platform/default/dso_loader.cc:44] Successfully opened dynamic library libcudnn.so.7
2021-04-10 09:46:28.330310: I tensorflow/stream_executor/cuda/cuda_gpu_executor.cc:981] successful NUMA node read from SysFS had negative value (-1), but there must be at least one NUMA node, so returning NUMA node zero
2021-04-10 09:46:28.330970: I tensorflow/stream_executor/cuda/cuda_gpu_executor.cc:981] successful NUMA node read from SysFS had negative value (-1), but there must be at least one NUMA node, so returning NUMA node zero
2021-04-10 09:46:28.331568: I tensorflow/core/common_runtime/gpu/gpu_device.cc:1700] Adding visible gpu devices: 0
2021-04-10 09:46:28.331605: I tensorflow/stream_executor/platform/default/dso_loader.cc:44] Successfully opened dynamic library libcudart.so.10.2
2021-04-10 09:46:28.814370: I tensorflow/core/common_runtime/gpu/gpu_device.cc:1099] Device interconnect StreamExecutor with strength 1 edge matrix:
2021-04-10 09:46:28.814403: I tensorflow/core/common_runtime/gpu/gpu_device.cc:1105]      0 
2021-04-10 09:46:28.814408: I tensorflow/core/common_runtime/gpu/gpu_device.cc:1118] 0:   N 
2021-04-10 09:46:28.814578: I tensorflow/stream_executor/cuda/cuda_gpu_executor.cc:981] successful NUMA node read from SysFS had negative value (-1), but there must be at least one NUMA node, so returning NUMA node zero
2021-04-10 09:46:28.815215: I tensorflow/stream_executor/cuda/cuda_gpu_executor.cc:981] successful NUMA node read from SysFS had negative value (-1), but there must be at least one NUMA node, so returning NUMA node zero
2021-04-10 09:46:28.815768: I tensorflow/stream_executor/cuda/cuda_gpu_executor.cc:981] successful NUMA node read from SysFS had negative value (-1), but there must be at least one NUMA node, so returning NUMA node zero
2021-04-10 09:46:28.816309: I tensorflow/core/common_runtime/gpu/gpu_device.cc:1244] Created TensorFlow device (/job:localhost/replica:0/task:0/device:GPU:0 with 11281 MB memory) -> physical GPU (device: 0, name: TITAN Xp COLLECTORS EDITION, pci bus id: 0000:06:00.0, compute capability: 6.1)
2021-04-10 09:46:28.817702: I tensorflow/compiler/xla/service/service.cc:168] XLA service 0x55d63bbebd10 initialized for platform CUDA (this does not guarantee that XLA will be used). Devices:
2021-04-10 09:46:28.817715: I tensorflow/compiler/xla/service/service.cc:176]   StreamExecutor device (0): TITAN Xp COLLECTORS EDITION, Compute Capability 6.1
WARNING:tensorflow:Issue encountered when serializing resources.
Type is unsupported, or the types of the items don't match field type in CollectionDef. Note this is a warning and probably safe to ignore.
'_Resource' object has no attribute 'name'
WARNING:tensorflow:Issue encountered when serializing resources.
Type is unsupported, or the types of the items don't match field type in CollectionDef. Note this is a warning and probably safe to ignore.
'_Resource' object has no attribute 'name'
WARNING:tensorflow:It seems that global step (tf.train.get_global_step) has not been increased. Current value (could be stable): 0 vs previous value: 0. You could increase the global step by passing tf.train.get_global_step() to Optimizer.apply_gradients or Optimizer.minimize.
WARNING:tensorflow:It seems that global step (tf.train.get_global_step) has not been increased. Current value (could be stable): 0 vs previous value: 0. You could increase the global step by passing tf.train.get_global_step() to Optimizer.apply_gradients or Optimizer.minimize.
WARNING:tensorflow:It seems that global step (tf.train.get_global_step) has not been increased. Current value (could be stable): 0 vs previous value: 0. You could increase the global step by passing tf.train.get_global_step() to Optimizer.apply_gradients or Optimizer.minimize.
WARNING:tensorflow:It seems that global step (tf.train.get_global_step) has not been increased. Current value (could be stable): 0 vs previous value: 0. You could increase the global step by passing tf.train.get_global_step() to Optimizer.apply_gradients or Optimizer.minimize.
WARNING:tensorflow:It seems that global step (tf.train.get_global_step) has not been increased. Current value (could be stable): 0 vs previous value: 0. You could increase the global step by passing tf.train.get_global_step() to Optimizer.apply_gradients or Optimizer.minimize.
===> x_train shape: (4096, 1024)
===> y_train shape: (4096,)
09:46:25.987446
peak active bytes(MB): 8.008056640625
bytes in use(MB): 0.0
throughput: 17082 ms!!!
