2021-04-10 10:20:39.127912: I tensorflow/stream_executor/platform/default/dso_loader.cc:44] Successfully opened dynamic library libcudart.so.10.2
2021-04-10 10:20:39.692431: I tensorflow/stream_executor/platform/default/dso_loader.cc:44] Successfully opened dynamic library libnvinfer.so.7
2021-04-10 10:20:39.693451: I tensorflow/stream_executor/platform/default/dso_loader.cc:44] Successfully opened dynamic library libnvinfer_plugin.so.7
WARNING:tensorflow:Using temporary folder as model directory: /tmp/tmpzjfq_oy2
WARNING:tensorflow:From /home/ljs/work-space/anaconda2/envs/wmlce_env-tf-lms/lib/python3.6/site-packages/tensorflow_core/python/ops/resource_variable_ops.py:1635: calling BaseResourceVariable.__init__ (from tensorflow.python.ops.resource_variable_ops) with constraint is deprecated and will be removed in a future version.
Instructions for updating:
If using Keras pass *_constraint arguments to layers.
WARNING:tensorflow:From /home/ljs/work-space/anaconda2/envs/wmlce_env-tf-lms/lib/python3.6/site-packages/tensorflow_core/python/training/training_util.py:236: Variable.initialized_value (from tensorflow.python.ops.variables) is deprecated and will be removed in a future version.
Instructions for updating:
Use Variable.read_value. Variables in 2.X are initialized automatically both in eager and graph (inside tf.defun) contexts.
2021-04-10 10:20:46.404811: I tensorflow/stream_executor/platform/default/dso_loader.cc:44] Successfully opened dynamic library libcuda.so.1
2021-04-10 10:20:46.406920: I tensorflow/stream_executor/cuda/cuda_gpu_executor.cc:981] successful NUMA node read from SysFS had negative value (-1), but there must be at least one NUMA node, so returning NUMA node zero
2021-04-10 10:20:46.407465: I tensorflow/core/common_runtime/gpu/gpu_device.cc:1558] Found device 0 with properties: 
pciBusID: 0000:06:00.0 name: TITAN Xp COLLECTORS EDITION computeCapability: 6.1
coreClock: 1.582GHz coreCount: 30 deviceMemorySize: 11.91GiB deviceMemoryBandwidth: 510.07GiB/s
2021-04-10 10:20:46.407481: I tensorflow/stream_executor/platform/default/dso_loader.cc:44] Successfully opened dynamic library libcudart.so.10.2
2021-04-10 10:20:46.407510: I tensorflow/stream_executor/platform/default/dso_loader.cc:44] Successfully opened dynamic library libcublas.so.10
2021-04-10 10:20:46.408656: I tensorflow/stream_executor/platform/default/dso_loader.cc:44] Successfully opened dynamic library libcufft.so.10
2021-04-10 10:20:46.408861: I tensorflow/stream_executor/platform/default/dso_loader.cc:44] Successfully opened dynamic library libcurand.so.10
2021-04-10 10:20:46.410198: I tensorflow/stream_executor/platform/default/dso_loader.cc:44] Successfully opened dynamic library libcusolver.so.10
2021-04-10 10:20:46.410858: I tensorflow/stream_executor/platform/default/dso_loader.cc:44] Successfully opened dynamic library libcusparse.so.10
2021-04-10 10:20:46.410885: I tensorflow/stream_executor/platform/default/dso_loader.cc:44] Successfully opened dynamic library libcudnn.so.7
2021-04-10 10:20:46.410961: I tensorflow/stream_executor/cuda/cuda_gpu_executor.cc:981] successful NUMA node read from SysFS had negative value (-1), but there must be at least one NUMA node, so returning NUMA node zero
2021-04-10 10:20:46.411511: I tensorflow/stream_executor/cuda/cuda_gpu_executor.cc:981] successful NUMA node read from SysFS had negative value (-1), but there must be at least one NUMA node, so returning NUMA node zero
2021-04-10 10:20:46.411999: I tensorflow/core/common_runtime/gpu/gpu_device.cc:1700] Adding visible gpu devices: 0
WARNING:tensorflow:Issue encountered when serializing resources.
Type is unsupported, or the types of the items don't match field type in CollectionDef. Note this is a warning and probably safe to ignore.
'_Resource' object has no attribute 'name'
2021-04-10 10:22:34.507417: I tensorflow/core/platform/cpu_feature_guard.cc:142] Your CPU supports instructions that this TensorFlow binary was not compiled to use: SSE4.1 SSE4.2 AVX AVX2 FMA
2021-04-10 10:22:34.528952: I tensorflow/core/platform/profile_utils/cpu_utils.cc:101] CPU Frequency: 3500335000 Hz
2021-04-10 10:22:34.529432: I tensorflow/compiler/xla/service/service.cc:168] XLA service 0x55cb0d8f3630 initialized for platform Host (this does not guarantee that XLA will be used). Devices:
2021-04-10 10:22:34.529462: I tensorflow/compiler/xla/service/service.cc:176]   StreamExecutor device (0): Host, Default Version
2021-04-10 10:22:34.529659: I tensorflow/stream_executor/cuda/cuda_gpu_executor.cc:981] successful NUMA node read from SysFS had negative value (-1), but there must be at least one NUMA node, so returning NUMA node zero
2021-04-10 10:22:34.530544: I tensorflow/core/common_runtime/gpu/gpu_device.cc:1558] Found device 0 with properties: 
pciBusID: 0000:06:00.0 name: TITAN Xp COLLECTORS EDITION computeCapability: 6.1
coreClock: 1.582GHz coreCount: 30 deviceMemorySize: 11.91GiB deviceMemoryBandwidth: 510.07GiB/s
2021-04-10 10:22:34.530586: I tensorflow/stream_executor/platform/default/dso_loader.cc:44] Successfully opened dynamic library libcudart.so.10.2
2021-04-10 10:22:34.530605: I tensorflow/stream_executor/platform/default/dso_loader.cc:44] Successfully opened dynamic library libcublas.so.10
2021-04-10 10:22:34.530631: I tensorflow/stream_executor/platform/default/dso_loader.cc:44] Successfully opened dynamic library libcufft.so.10
2021-04-10 10:22:34.530650: I tensorflow/stream_executor/platform/default/dso_loader.cc:44] Successfully opened dynamic library libcurand.so.10
2021-04-10 10:22:34.530667: I tensorflow/stream_executor/platform/default/dso_loader.cc:44] Successfully opened dynamic library libcusolver.so.10
2021-04-10 10:22:34.530684: I tensorflow/stream_executor/platform/default/dso_loader.cc:44] Successfully opened dynamic library libcusparse.so.10
2021-04-10 10:22:34.530697: I tensorflow/stream_executor/platform/default/dso_loader.cc:44] Successfully opened dynamic library libcudnn.so.7
2021-04-10 10:22:34.530777: I tensorflow/stream_executor/cuda/cuda_gpu_executor.cc:981] successful NUMA node read from SysFS had negative value (-1), but there must be at least one NUMA node, so returning NUMA node zero
2021-04-10 10:22:34.531651: I tensorflow/stream_executor/cuda/cuda_gpu_executor.cc:981] successful NUMA node read from SysFS had negative value (-1), but there must be at least one NUMA node, so returning NUMA node zero
2021-04-10 10:22:34.532454: I tensorflow/core/common_runtime/gpu/gpu_device.cc:1700] Adding visible gpu devices: 0
2021-04-10 10:22:34.532494: I tensorflow/stream_executor/platform/default/dso_loader.cc:44] Successfully opened dynamic library libcudart.so.10.2
2021-04-10 10:22:34.935151: I tensorflow/core/common_runtime/gpu/gpu_device.cc:1099] Device interconnect StreamExecutor with strength 1 edge matrix:
2021-04-10 10:22:34.935185: I tensorflow/core/common_runtime/gpu/gpu_device.cc:1105]      0 
2021-04-10 10:22:34.935191: I tensorflow/core/common_runtime/gpu/gpu_device.cc:1118] 0:   N 
2021-04-10 10:22:34.935347: I tensorflow/stream_executor/cuda/cuda_gpu_executor.cc:981] successful NUMA node read from SysFS had negative value (-1), but there must be at least one NUMA node, so returning NUMA node zero
2021-04-10 10:22:34.935897: I tensorflow/stream_executor/cuda/cuda_gpu_executor.cc:981] successful NUMA node read from SysFS had negative value (-1), but there must be at least one NUMA node, so returning NUMA node zero
2021-04-10 10:22:34.936415: I tensorflow/stream_executor/cuda/cuda_gpu_executor.cc:981] successful NUMA node read from SysFS had negative value (-1), but there must be at least one NUMA node, so returning NUMA node zero
2021-04-10 10:22:34.936902: I tensorflow/core/common_runtime/gpu/gpu_device.cc:1244] Created TensorFlow device (/job:localhost/replica:0/task:0/device:GPU:0 with 11281 MB memory) -> physical GPU (device: 0, name: TITAN Xp COLLECTORS EDITION, pci bus id: 0000:06:00.0, compute capability: 6.1)
2021-04-10 10:22:34.938233: I tensorflow/compiler/xla/service/service.cc:168] XLA service 0x55cba9df35d0 initialized for platform CUDA (this does not guarantee that XLA will be used). Devices:
2021-04-10 10:22:34.938247: I tensorflow/compiler/xla/service/service.cc:176]   StreamExecutor device (0): TITAN Xp COLLECTORS EDITION, Compute Capability 6.1
WARNING:tensorflow:Issue encountered when serializing resources.
Type is unsupported, or the types of the items don't match field type in CollectionDef. Note this is a warning and probably safe to ignore.
'_Resource' object has no attribute 'name'
WARNING:tensorflow:Issue encountered when serializing resources.
Type is unsupported, or the types of the items don't match field type in CollectionDef. Note this is a warning and probably safe to ignore.
'_Resource' object has no attribute 'name'
WARNING:tensorflow:It seems that global step (tf.train.get_global_step) has not been increased. Current value (could be stable): 0 vs previous value: 0. You could increase the global step by passing tf.train.get_global_step() to Optimizer.apply_gradients or Optimizer.minimize.
WARNING:tensorflow:It seems that global step (tf.train.get_global_step) has not been increased. Current value (could be stable): 0 vs previous value: 0. You could increase the global step by passing tf.train.get_global_step() to Optimizer.apply_gradients or Optimizer.minimize.
WARNING:tensorflow:It seems that global step (tf.train.get_global_step) has not been increased. Current value (could be stable): 0 vs previous value: 0. You could increase the global step by passing tf.train.get_global_step() to Optimizer.apply_gradients or Optimizer.minimize.
WARNING:tensorflow:It seems that global step (tf.train.get_global_step) has not been increased. Current value (could be stable): 0 vs previous value: 0. You could increase the global step by passing tf.train.get_global_step() to Optimizer.apply_gradients or Optimizer.minimize.
WARNING:tensorflow:It seems that global step (tf.train.get_global_step) has not been increased. Current value (could be stable): 0 vs previous value: 0. You could increase the global step by passing tf.train.get_global_step() to Optimizer.apply_gradients or Optimizer.minimize.
===> x_train shape: (4096, 50176)
===> y_train shape: (4096,)
10:20:46.395387
peak active bytes(MB): 392.01318359375
bytes in use(MB): 0.0
throughput: 5253331 ms!!!
