2021-04-13 00:20:12.271071: I tensorflow/stream_executor/platform/default/dso_loader.cc:44] Successfully opened dynamic library libcudart.so.10.2
2021-04-13 00:20:12.833024: I tensorflow/stream_executor/platform/default/dso_loader.cc:44] Successfully opened dynamic library libnvinfer.so.7
2021-04-13 00:20:12.834159: I tensorflow/stream_executor/platform/default/dso_loader.cc:44] Successfully opened dynamic library libnvinfer_plugin.so.7
2021-04-13 00:20:13.370374: E bazel-out/k8-py2-opt/bin/tensorflow/python/pywrap_tensorflow_internal.cc:5187] (GetBFCAllocatorStats) No GPU device registered. Skipping getting stats

2021-04-13 00:20:13.370399: E bazel-out/k8-py2-opt/bin/tensorflow/python/pywrap_tensorflow_internal.cc:5388] (getPeakBytesActive) - Could not retrieve BFC Allocator Stats
2021-04-13 00:20:14.089781: I tensorflow/stream_executor/platform/default/dso_loader.cc:44] Successfully opened dynamic library libcuda.so.1
2021-04-13 00:20:14.092308: I tensorflow/stream_executor/cuda/cuda_gpu_executor.cc:981] successful NUMA node read from SysFS had negative value (-1), but there must be at least one NUMA node, so returning NUMA node zero
2021-04-13 00:20:14.092864: I tensorflow/core/common_runtime/gpu/gpu_device.cc:1558] Found device 0 with properties: 
pciBusID: 0000:06:00.0 name: TITAN Xp COLLECTORS EDITION computeCapability: 6.1
coreClock: 1.582GHz coreCount: 30 deviceMemorySize: 11.91GiB deviceMemoryBandwidth: 510.07GiB/s
2021-04-13 00:20:14.092883: I tensorflow/stream_executor/platform/default/dso_loader.cc:44] Successfully opened dynamic library libcudart.so.10.2
2021-04-13 00:20:14.092910: I tensorflow/stream_executor/platform/default/dso_loader.cc:44] Successfully opened dynamic library libcublas.so.10
2021-04-13 00:20:14.094050: I tensorflow/stream_executor/platform/default/dso_loader.cc:44] Successfully opened dynamic library libcufft.so.10
2021-04-13 00:20:14.094236: I tensorflow/stream_executor/platform/default/dso_loader.cc:44] Successfully opened dynamic library libcurand.so.10
2021-04-13 00:20:14.095460: I tensorflow/stream_executor/platform/default/dso_loader.cc:44] Successfully opened dynamic library libcusolver.so.10
2021-04-13 00:20:14.096107: I tensorflow/stream_executor/platform/default/dso_loader.cc:44] Successfully opened dynamic library libcusparse.so.10
2021-04-13 00:20:14.096138: I tensorflow/stream_executor/platform/default/dso_loader.cc:44] Successfully opened dynamic library libcudnn.so.7
2021-04-13 00:20:14.096226: I tensorflow/stream_executor/cuda/cuda_gpu_executor.cc:981] successful NUMA node read from SysFS had negative value (-1), but there must be at least one NUMA node, so returning NUMA node zero
2021-04-13 00:20:14.096831: I tensorflow/stream_executor/cuda/cuda_gpu_executor.cc:981] successful NUMA node read from SysFS had negative value (-1), but there must be at least one NUMA node, so returning NUMA node zero
2021-04-13 00:20:14.097356: I tensorflow/core/common_runtime/gpu/gpu_device.cc:1700] Adding visible gpu devices: 0
2021-04-13 00:20:14.097621: I tensorflow/core/platform/cpu_feature_guard.cc:142] Your CPU supports instructions that this TensorFlow binary was not compiled to use: SSE4.1 SSE4.2 AVX AVX2 FMA
2021-04-13 00:20:14.125018: I tensorflow/core/platform/profile_utils/cpu_utils.cc:101] CPU Frequency: 3500335000 Hz
2021-04-13 00:20:14.125394: I tensorflow/compiler/xla/service/service.cc:168] XLA service 0x56508b360450 initialized for platform Host (this does not guarantee that XLA will be used). Devices:
2021-04-13 00:20:14.125415: I tensorflow/compiler/xla/service/service.cc:176]   StreamExecutor device (0): Host, Default Version
2021-04-13 00:20:14.125612: I tensorflow/stream_executor/cuda/cuda_gpu_executor.cc:981] successful NUMA node read from SysFS had negative value (-1), but there must be at least one NUMA node, so returning NUMA node zero
2021-04-13 00:20:14.126234: I tensorflow/core/common_runtime/gpu/gpu_device.cc:1558] Found device 0 with properties: 
pciBusID: 0000:06:00.0 name: TITAN Xp COLLECTORS EDITION computeCapability: 6.1
coreClock: 1.582GHz coreCount: 30 deviceMemorySize: 11.91GiB deviceMemoryBandwidth: 510.07GiB/s
2021-04-13 00:20:14.126274: I tensorflow/stream_executor/platform/default/dso_loader.cc:44] Successfully opened dynamic library libcudart.so.10.2
2021-04-13 00:20:14.126299: I tensorflow/stream_executor/platform/default/dso_loader.cc:44] Successfully opened dynamic library libcublas.so.10
2021-04-13 00:20:14.126329: I tensorflow/stream_executor/platform/default/dso_loader.cc:44] Successfully opened dynamic library libcufft.so.10
2021-04-13 00:20:14.126352: I tensorflow/stream_executor/platform/default/dso_loader.cc:44] Successfully opened dynamic library libcurand.so.10
2021-04-13 00:20:14.126373: I tensorflow/stream_executor/platform/default/dso_loader.cc:44] Successfully opened dynamic library libcusolver.so.10
2021-04-13 00:20:14.126394: I tensorflow/stream_executor/platform/default/dso_loader.cc:44] Successfully opened dynamic library libcusparse.so.10
2021-04-13 00:20:14.126411: I tensorflow/stream_executor/platform/default/dso_loader.cc:44] Successfully opened dynamic library libcudnn.so.7
2021-04-13 00:20:14.126486: I tensorflow/stream_executor/cuda/cuda_gpu_executor.cc:981] successful NUMA node read from SysFS had negative value (-1), but there must be at least one NUMA node, so returning NUMA node zero
2021-04-13 00:20:14.127105: I tensorflow/stream_executor/cuda/cuda_gpu_executor.cc:981] successful NUMA node read from SysFS had negative value (-1), but there must be at least one NUMA node, so returning NUMA node zero
2021-04-13 00:20:14.127660: I tensorflow/core/common_runtime/gpu/gpu_device.cc:1700] Adding visible gpu devices: 0
2021-04-13 00:20:14.127690: I tensorflow/stream_executor/platform/default/dso_loader.cc:44] Successfully opened dynamic library libcudart.so.10.2
2021-04-13 00:20:14.614243: I tensorflow/core/common_runtime/gpu/gpu_device.cc:1099] Device interconnect StreamExecutor with strength 1 edge matrix:
2021-04-13 00:20:14.614276: I tensorflow/core/common_runtime/gpu/gpu_device.cc:1105]      0 
2021-04-13 00:20:14.614282: I tensorflow/core/common_runtime/gpu/gpu_device.cc:1118] 0:   N 
2021-04-13 00:20:14.614432: I tensorflow/stream_executor/cuda/cuda_gpu_executor.cc:981] successful NUMA node read from SysFS had negative value (-1), but there must be at least one NUMA node, so returning NUMA node zero
2021-04-13 00:20:14.614971: I tensorflow/stream_executor/cuda/cuda_gpu_executor.cc:981] successful NUMA node read from SysFS had negative value (-1), but there must be at least one NUMA node, so returning NUMA node zero
2021-04-13 00:20:14.615480: I tensorflow/stream_executor/cuda/cuda_gpu_executor.cc:981] successful NUMA node read from SysFS had negative value (-1), but there must be at least one NUMA node, so returning NUMA node zero
2021-04-13 00:20:14.616145: I tensorflow/core/common_runtime/gpu/gpu_device.cc:1244] Created TensorFlow device (/job:localhost/replica:0/task:0/device:GPU:0 with 11281 MB memory) -> physical GPU (device: 0, name: TITAN Xp COLLECTORS EDITION, pci bus id: 0000:06:00.0, compute capability: 6.1)
2021-04-13 00:20:14.617529: I tensorflow/compiler/xla/service/service.cc:168] XLA service 0x5650a4404720 initialized for platform CUDA (this does not guarantee that XLA will be used). Devices:
2021-04-13 00:20:14.617542: I tensorflow/compiler/xla/service/service.cc:176]   StreamExecutor device (0): TITAN Xp COLLECTORS EDITION, Compute Capability 6.1
2021-04-13 00:20:14.823036: I tensorflow/stream_executor/platform/default/dso_loader.cc:44] Successfully opened dynamic library libcublas.so.10
x_train shape: (10000, 48, 48)
y_train shape: (10000,)
00:20:14.736292
step: 1, loss: 3.889621, accuracy: 0.699219
peak active bytes(MB): 10.272205352783203
step: 2, loss: 3.934336, accuracy: 0.685547
peak active bytes(MB): 10.272693634033203
step: 3, loss: 3.857617, accuracy: 0.684570
peak active bytes(MB): 10.272693634033203
step: 4, loss: 3.884594, accuracy: 0.672852
peak active bytes(MB): 10.272693634033203
step: 5, loss: 3.830515, accuracy: 0.672852
peak active bytes(MB): 10.272693634033203
step: 6, loss: 3.864895, accuracy: 0.708008
peak active bytes(MB): 10.272693634033203
step: 7, loss: 3.869130, accuracy: 0.700195
peak active bytes(MB): 10.272693634033203
step: 8, loss: 3.882674, accuracy: 0.688477
peak active bytes(MB): 10.272693634033203
step: 9, loss: 3.895350, accuracy: 0.697266
peak active bytes(MB): 10.272693634033203
step: 10, loss: 3.909047, accuracy: 0.685547
peak active bytes(MB): 10.272693634033203
step: 11, loss: 3.828090, accuracy: 0.682617
peak active bytes(MB): 10.272693634033203
step: 12, loss: 3.888397, accuracy: 0.712891
peak active bytes(MB): 10.272693634033203
step: 13, loss: 3.768649, accuracy: 0.688477
peak active bytes(MB): 10.272693634033203
step: 14, loss: 3.911039, accuracy: 0.695312
peak active bytes(MB): 10.272693634033203
step: 15, loss: 3.805259, accuracy: 0.671875
peak active bytes(MB): 10.272693634033203
step: 16, loss: 3.782118, accuracy: 0.678711
peak active bytes(MB): 10.272693634033203
step: 17, loss: 3.866196, accuracy: 0.728516
peak active bytes(MB): 10.272693634033203
step: 18, loss: 3.753440, accuracy: 0.686523
peak active bytes(MB): 10.272693634033203
step: 19, loss: 3.798719, accuracy: 0.681641
peak active bytes(MB): 10.272693634033203
step: 20, loss: 3.803259, accuracy: 0.677734
peak active bytes(MB): 10.272693634033203
step: 21, loss: 3.868433, accuracy: 0.692383
peak active bytes(MB): 10.272693634033203
step: 22, loss: 3.817787, accuracy: 0.697266
peak active bytes(MB): 10.272693634033203
step: 23, loss: 3.772784, accuracy: 0.697266
peak active bytes(MB): 10.272693634033203
step: 24, loss: 3.748513, accuracy: 0.675781
peak active bytes(MB): 10.272693634033203
step: 25, loss: 3.777898, accuracy: 0.687500
peak active bytes(MB): 10.272693634033203
step: 26, loss: 3.724723, accuracy: 0.681641
peak active bytes(MB): 10.272693634033203
step: 27, loss: 3.823432, accuracy: 0.707031
peak active bytes(MB): 10.272693634033203
step: 28, loss: 3.802760, accuracy: 0.691406
peak active bytes(MB): 10.272693634033203
step: 29, loss: 3.773720, accuracy: 0.704102
peak active bytes(MB): 10.272693634033203
step: 30, loss: 3.788604, accuracy: 0.691406
peak active bytes(MB): 10.272693634033203
throughput: 18.9 ms!!!
